2019-01-15 15:32:31.244 [main] DEBUG org.apache.cxf.common.logging.LogUtils - Using org.apache.cxf.common.logging.Slf4jLogger for logging.
2019-01-15 15:32:31.391 [main] DEBUG o.apache.cxf.endpoint.dynamic.DynamicClientFactory - Creating client from WSDL http://tepos.jxlife.com.cn/ter/services/ThdpartyInterface?wsdl
2019-01-15 15:32:31.446 [main] DEBUG org.apache.cxf.resource.DefaultResourceManager - resolving resource <org.apache.cxf.wsdl11.WSDLManagerImpl/bus> type <interface org.apache.cxf.Bus>
2019-01-15 15:32:31.459 [main] DEBUG org.apache.cxf.resource.DefaultResourceManager - resolving resource <null> type <interface org.apache.cxf.Bus>
2019-01-15 15:32:31.650 [main] DEBUG org.apache.cxf.transport.http.HTTPConduit - Conduit '{http://cxf.apache.org}TransportURIResolver.http-conduit' has been (re)configured for plain http.
2019-01-15 15:32:31.652 [main] DEBUG org.apache.cxf.transport.http.HTTPConduit - No Trust Decider configured for Conduit '{http://cxf.apache.org}TransportURIResolver.http-conduit'
2019-01-15 15:32:31.652 [main] DEBUG org.apache.cxf.transport.http.HTTPConduit - No Auth Supplier configured for Conduit '{http://cxf.apache.org}TransportURIResolver.http-conduit'
2019-01-15 15:32:31.652 [main] DEBUG org.apache.cxf.transport.http.HTTPConduit - Conduit '{http://cxf.apache.org}TransportURIResolver.http-conduit' has been configured for plain http.
2019-01-15 15:32:31.653 [main] DEBUG org.apache.cxf.transport.http.HTTPConduit - registering incoming observer: org.apache.cxf.transport.TransportURIResolver$1@3a1dd365
2019-01-15 15:32:31.723 [main] DEBUG org.apache.cxf.transport.http.Headers - Accept: */*
2019-01-15 15:32:31.723 [main] DEBUG org.apache.cxf.transport.http.HTTPConduit - No Trust Decider for Conduit '{http://cxf.apache.org}TransportURIResolver.http-conduit'. An affirmative Trust Decision is assumed.
2019-01-15 15:32:31.812 [main] DEBUG org.apache.cxf.resource.DefaultResourceManager - resolving resource <http://tepos.jxlife.com.cn/ter/services/ThdpartyInterface?wsdl> as stream 
2019-01-15 15:32:31.815 [main] DEBUG org.apache.cxf.resource.DefaultResourceManager - resolving resource <http://tepos.jxlife.com.cn/ter/services/ThdpartyInterface?wsdl> type <class java.net.URL>
2019-01-15 15:32:31.816 [main] DEBUG org.apache.cxf.transport.http.HTTPConduit - Conduit '{http://cxf.apache.org}TransportURIResolver.http-conduit' has been (re)configured for plain http.
2019-01-15 15:32:31.817 [main] DEBUG org.apache.cxf.transport.http.HTTPConduit - No Trust Decider configured for Conduit '{http://cxf.apache.org}TransportURIResolver.http-conduit'
2019-01-15 15:32:31.817 [main] DEBUG org.apache.cxf.transport.http.HTTPConduit - No Auth Supplier configured for Conduit '{http://cxf.apache.org}TransportURIResolver.http-conduit'
2019-01-15 15:32:31.817 [main] DEBUG org.apache.cxf.transport.http.HTTPConduit - Conduit '{http://cxf.apache.org}TransportURIResolver.http-conduit' has been configured for plain http.
2019-01-15 15:32:31.817 [main] DEBUG org.apache.cxf.transport.http.HTTPConduit - registering incoming observer: org.apache.cxf.transport.TransportURIResolver$1@4bef0fe3
2019-01-15 15:32:31.817 [main] DEBUG org.apache.cxf.transport.http.Headers - Accept: */*
2019-01-15 15:32:31.818 [main] DEBUG org.apache.cxf.transport.http.HTTPConduit - No Trust Decider for Conduit '{http://cxf.apache.org}TransportURIResolver.http-conduit'. An affirmative Trust Decision is assumed.
2019-01-15 15:32:31.858 [main] DEBUG org.apache.cxf.resource.DefaultResourceManager - resolving resource <http://tepos.jxlife.com.cn/ter/services/ThdpartyInterface?wsdl> as stream 
2019-01-15 15:32:31.859 [main] DEBUG org.apache.cxf.resource.DefaultResourceManager - resolving resource <http://tepos.jxlife.com.cn/ter/services/ThdpartyInterface?wsdl> type <class java.net.URL>
2019-01-15 16:37:01.435 [main] DEBUG org.apache.cxf.common.logging.LogUtils - Using org.apache.cxf.common.logging.Slf4jLogger for logging.
2019-01-15 16:37:01.579 [main] DEBUG o.apache.cxf.endpoint.dynamic.DynamicClientFactory - Creating client from WSDL http://tepos.jxlife.com.cn/ter/services/ThdpartyInterface?wsdl
2019-01-15 16:37:01.639 [main] DEBUG org.apache.cxf.resource.DefaultResourceManager - resolving resource <org.apache.cxf.wsdl11.WSDLManagerImpl/bus> type <interface org.apache.cxf.Bus>
2019-01-15 16:37:01.641 [main] DEBUG org.apache.cxf.resource.DefaultResourceManager - resolving resource <null> type <interface org.apache.cxf.Bus>
2019-01-15 16:37:01.783 [main] DEBUG org.apache.cxf.transport.http.HTTPConduit - Conduit '{http://cxf.apache.org}TransportURIResolver.http-conduit' has been (re)configured for plain http.
2019-01-15 16:37:01.785 [main] DEBUG org.apache.cxf.transport.http.HTTPConduit - No Trust Decider configured for Conduit '{http://cxf.apache.org}TransportURIResolver.http-conduit'
2019-01-15 16:37:01.786 [main] DEBUG org.apache.cxf.transport.http.HTTPConduit - No Auth Supplier configured for Conduit '{http://cxf.apache.org}TransportURIResolver.http-conduit'
2019-01-15 16:37:01.787 [main] DEBUG org.apache.cxf.transport.http.HTTPConduit - Conduit '{http://cxf.apache.org}TransportURIResolver.http-conduit' has been configured for plain http.
2019-01-15 16:37:01.788 [main] DEBUG org.apache.cxf.transport.http.HTTPConduit - registering incoming observer: org.apache.cxf.transport.TransportURIResolver$1@3c989952
2019-01-15 16:37:01.818 [main] DEBUG org.apache.cxf.transport.http.Headers - Accept: */*
2019-01-15 16:37:01.818 [main] DEBUG org.apache.cxf.transport.http.HTTPConduit - No Trust Decider for Conduit '{http://cxf.apache.org}TransportURIResolver.http-conduit'. An affirmative Trust Decision is assumed.
2019-01-15 16:37:01.862 [main] DEBUG org.apache.cxf.resource.DefaultResourceManager - resolving resource <http://tepos.jxlife.com.cn/ter/services/ThdpartyInterface?wsdl> as stream 
2019-01-15 16:37:01.863 [main] DEBUG org.apache.cxf.resource.DefaultResourceManager - resolving resource <http://tepos.jxlife.com.cn/ter/services/ThdpartyInterface?wsdl> type <class java.net.URL>
2019-01-15 16:37:01.864 [main] DEBUG org.apache.cxf.transport.http.HTTPConduit - Conduit '{http://cxf.apache.org}TransportURIResolver.http-conduit' has been (re)configured for plain http.
2019-01-15 16:37:01.864 [main] DEBUG org.apache.cxf.transport.http.HTTPConduit - No Trust Decider configured for Conduit '{http://cxf.apache.org}TransportURIResolver.http-conduit'
2019-01-15 16:37:01.864 [main] DEBUG org.apache.cxf.transport.http.HTTPConduit - No Auth Supplier configured for Conduit '{http://cxf.apache.org}TransportURIResolver.http-conduit'
2019-01-15 16:37:01.865 [main] DEBUG org.apache.cxf.transport.http.HTTPConduit - Conduit '{http://cxf.apache.org}TransportURIResolver.http-conduit' has been configured for plain http.
2019-01-15 16:37:01.865 [main] DEBUG org.apache.cxf.transport.http.HTTPConduit - registering incoming observer: org.apache.cxf.transport.TransportURIResolver$1@295eaa7c
2019-01-15 16:37:01.865 [main] DEBUG org.apache.cxf.transport.http.Headers - Accept: */*
2019-01-15 16:37:01.865 [main] DEBUG org.apache.cxf.transport.http.HTTPConduit - No Trust Decider for Conduit '{http://cxf.apache.org}TransportURIResolver.http-conduit'. An affirmative Trust Decision is assumed.
2019-01-15 16:37:01.889 [main] DEBUG org.apache.cxf.resource.DefaultResourceManager - resolving resource <http://tepos.jxlife.com.cn/ter/services/ThdpartyInterface?wsdl> as stream 
2019-01-15 16:37:01.894 [main] DEBUG org.apache.cxf.resource.DefaultResourceManager - resolving resource <http://tepos.jxlife.com.cn/ter/services/ThdpartyInterface?wsdl> type <class java.net.URL>
2019-01-15 16:38:41.901 [main] DEBUG org.apache.cxf.common.logging.LogUtils - Using org.apache.cxf.common.logging.Slf4jLogger for logging.
2019-01-15 16:38:42.044 [main] DEBUG o.apache.cxf.endpoint.dynamic.DynamicClientFactory - Creating client from WSDL http://tepos.jxlife.com.cn/ter/services/ThdpartyInterface?wsdl
2019-01-15 16:38:42.102 [main] DEBUG org.apache.cxf.resource.DefaultResourceManager - resolving resource <org.apache.cxf.wsdl11.WSDLManagerImpl/bus> type <interface org.apache.cxf.Bus>
2019-01-15 16:38:42.103 [main] DEBUG org.apache.cxf.resource.DefaultResourceManager - resolving resource <null> type <interface org.apache.cxf.Bus>
2019-01-15 16:38:42.236 [main] DEBUG org.apache.cxf.transport.http.HTTPConduit - Conduit '{http://cxf.apache.org}TransportURIResolver.http-conduit' has been (re)configured for plain http.
2019-01-15 16:38:42.237 [main] DEBUG org.apache.cxf.transport.http.HTTPConduit - No Trust Decider configured for Conduit '{http://cxf.apache.org}TransportURIResolver.http-conduit'
2019-01-15 16:38:42.237 [main] DEBUG org.apache.cxf.transport.http.HTTPConduit - No Auth Supplier configured for Conduit '{http://cxf.apache.org}TransportURIResolver.http-conduit'
2019-01-15 16:38:42.237 [main] DEBUG org.apache.cxf.transport.http.HTTPConduit - Conduit '{http://cxf.apache.org}TransportURIResolver.http-conduit' has been configured for plain http.
2019-01-15 16:38:42.238 [main] DEBUG org.apache.cxf.transport.http.HTTPConduit - registering incoming observer: org.apache.cxf.transport.TransportURIResolver$1@3c989952
2019-01-15 16:38:42.266 [main] DEBUG org.apache.cxf.transport.http.Headers - Accept: */*
2019-01-15 16:38:42.266 [main] DEBUG org.apache.cxf.transport.http.HTTPConduit - No Trust Decider for Conduit '{http://cxf.apache.org}TransportURIResolver.http-conduit'. An affirmative Trust Decision is assumed.
2019-01-15 16:38:42.309 [main] DEBUG org.apache.cxf.resource.DefaultResourceManager - resolving resource <http://tepos.jxlife.com.cn/ter/services/ThdpartyInterface?wsdl> as stream 
2019-01-15 16:38:42.310 [main] DEBUG org.apache.cxf.resource.DefaultResourceManager - resolving resource <http://tepos.jxlife.com.cn/ter/services/ThdpartyInterface?wsdl> type <class java.net.URL>
2019-01-15 16:38:42.312 [main] DEBUG org.apache.cxf.transport.http.HTTPConduit - Conduit '{http://cxf.apache.org}TransportURIResolver.http-conduit' has been (re)configured for plain http.
2019-01-15 16:38:42.312 [main] DEBUG org.apache.cxf.transport.http.HTTPConduit - No Trust Decider configured for Conduit '{http://cxf.apache.org}TransportURIResolver.http-conduit'
2019-01-15 16:38:42.312 [main] DEBUG org.apache.cxf.transport.http.HTTPConduit - No Auth Supplier configured for Conduit '{http://cxf.apache.org}TransportURIResolver.http-conduit'
2019-01-15 16:38:42.312 [main] DEBUG org.apache.cxf.transport.http.HTTPConduit - Conduit '{http://cxf.apache.org}TransportURIResolver.http-conduit' has been configured for plain http.
2019-01-15 16:38:42.312 [main] DEBUG org.apache.cxf.transport.http.HTTPConduit - registering incoming observer: org.apache.cxf.transport.TransportURIResolver$1@295eaa7c
2019-01-15 16:38:42.312 [main] DEBUG org.apache.cxf.transport.http.Headers - Accept: */*
2019-01-15 16:38:42.313 [main] DEBUG org.apache.cxf.transport.http.HTTPConduit - No Trust Decider for Conduit '{http://cxf.apache.org}TransportURIResolver.http-conduit'. An affirmative Trust Decision is assumed.
2019-01-15 16:38:42.336 [main] DEBUG org.apache.cxf.resource.DefaultResourceManager - resolving resource <http://tepos.jxlife.com.cn/ter/services/ThdpartyInterface?wsdl> as stream 
2019-01-15 16:38:42.337 [main] DEBUG org.apache.cxf.resource.DefaultResourceManager - resolving resource <http://tepos.jxlife.com.cn/ter/services/ThdpartyInterface?wsdl> type <class java.net.URL>
2019-01-15 16:41:06.181 [main] DEBUG org.apache.cxf.common.logging.LogUtils - Using org.apache.cxf.common.logging.Slf4jLogger for logging.
2019-01-15 16:41:06.328 [main] DEBUG o.apache.cxf.endpoint.dynamic.DynamicClientFactory - Creating client from WSDL http://tepos.jxlife.com.cn/ter/services/ThdpartyInterface?wsdl
2019-01-15 16:41:06.392 [main] DEBUG org.apache.cxf.resource.DefaultResourceManager - resolving resource <org.apache.cxf.wsdl11.WSDLManagerImpl/bus> type <interface org.apache.cxf.Bus>
2019-01-15 16:41:06.393 [main] DEBUG org.apache.cxf.resource.DefaultResourceManager - resolving resource <null> type <interface org.apache.cxf.Bus>
2019-01-15 16:41:06.527 [main] DEBUG org.apache.cxf.transport.http.HTTPConduit - Conduit '{http://cxf.apache.org}TransportURIResolver.http-conduit' has been (re)configured for plain http.
2019-01-15 16:41:06.528 [main] DEBUG org.apache.cxf.transport.http.HTTPConduit - No Trust Decider configured for Conduit '{http://cxf.apache.org}TransportURIResolver.http-conduit'
2019-01-15 16:41:06.528 [main] DEBUG org.apache.cxf.transport.http.HTTPConduit - No Auth Supplier configured for Conduit '{http://cxf.apache.org}TransportURIResolver.http-conduit'
2019-01-15 16:41:06.528 [main] DEBUG org.apache.cxf.transport.http.HTTPConduit - Conduit '{http://cxf.apache.org}TransportURIResolver.http-conduit' has been configured for plain http.
2019-01-15 16:41:06.529 [main] DEBUG org.apache.cxf.transport.http.HTTPConduit - registering incoming observer: org.apache.cxf.transport.TransportURIResolver$1@3c989952
2019-01-15 16:41:06.555 [main] DEBUG org.apache.cxf.transport.http.Headers - Accept: */*
2019-01-15 16:41:06.555 [main] DEBUG org.apache.cxf.transport.http.HTTPConduit - No Trust Decider for Conduit '{http://cxf.apache.org}TransportURIResolver.http-conduit'. An affirmative Trust Decision is assumed.
2019-01-15 16:41:06.600 [main] DEBUG org.apache.cxf.resource.DefaultResourceManager - resolving resource <http://tepos.jxlife.com.cn/ter/services/ThdpartyInterface?wsdl> as stream 
2019-01-15 16:41:06.602 [main] DEBUG org.apache.cxf.resource.DefaultResourceManager - resolving resource <http://tepos.jxlife.com.cn/ter/services/ThdpartyInterface?wsdl> type <class java.net.URL>
2019-01-15 16:41:06.603 [main] DEBUG org.apache.cxf.transport.http.HTTPConduit - Conduit '{http://cxf.apache.org}TransportURIResolver.http-conduit' has been (re)configured for plain http.
2019-01-15 16:41:06.604 [main] DEBUG org.apache.cxf.transport.http.HTTPConduit - No Trust Decider configured for Conduit '{http://cxf.apache.org}TransportURIResolver.http-conduit'
2019-01-15 16:41:06.604 [main] DEBUG org.apache.cxf.transport.http.HTTPConduit - No Auth Supplier configured for Conduit '{http://cxf.apache.org}TransportURIResolver.http-conduit'
2019-01-15 16:41:06.604 [main] DEBUG org.apache.cxf.transport.http.HTTPConduit - Conduit '{http://cxf.apache.org}TransportURIResolver.http-conduit' has been configured for plain http.
2019-01-15 16:41:06.604 [main] DEBUG org.apache.cxf.transport.http.HTTPConduit - registering incoming observer: org.apache.cxf.transport.TransportURIResolver$1@295eaa7c
2019-01-15 16:41:06.604 [main] DEBUG org.apache.cxf.transport.http.Headers - Accept: */*
2019-01-15 16:41:06.604 [main] DEBUG org.apache.cxf.transport.http.HTTPConduit - No Trust Decider for Conduit '{http://cxf.apache.org}TransportURIResolver.http-conduit'. An affirmative Trust Decision is assumed.
2019-01-15 16:41:06.628 [main] DEBUG org.apache.cxf.resource.DefaultResourceManager - resolving resource <http://tepos.jxlife.com.cn/ter/services/ThdpartyInterface?wsdl> as stream 
2019-01-15 16:41:06.629 [main] DEBUG org.apache.cxf.resource.DefaultResourceManager - resolving resource <http://tepos.jxlife.com.cn/ter/services/ThdpartyInterface?wsdl> type <class java.net.URL>
2019-01-15 16:54:15.161 [main] DEBUG org.apache.cxf.common.logging.LogUtils - Using org.apache.cxf.common.logging.Slf4jLogger for logging.
2019-01-15 16:55:54.287 [main] DEBUG o.apache.cxf.endpoint.dynamic.DynamicClientFactory - Creating client from WSDL http://tepos.jxlife.com.cn/ter/services/ThdpartyInterface?wsdl
2019-01-15 16:55:56.545 [main] DEBUG org.apache.cxf.resource.DefaultResourceManager - resolving resource <org.apache.cxf.wsdl11.WSDLManagerImpl/bus> type <interface org.apache.cxf.Bus>
2019-01-15 16:55:56.598 [main] DEBUG org.apache.cxf.resource.DefaultResourceManager - resolving resource <null> type <interface org.apache.cxf.Bus>
2019-01-15 16:56:03.605 [main] DEBUG org.apache.cxf.transport.http.HTTPConduit - Conduit '{http://cxf.apache.org}TransportURIResolver.http-conduit' has been (re)configured for plain http.
2019-01-15 16:56:03.620 [main] DEBUG org.apache.cxf.transport.http.HTTPConduit - No Trust Decider configured for Conduit '{http://cxf.apache.org}TransportURIResolver.http-conduit'
2019-01-15 16:56:03.627 [main] DEBUG org.apache.cxf.transport.http.HTTPConduit - No Auth Supplier configured for Conduit '{http://cxf.apache.org}TransportURIResolver.http-conduit'
2019-01-15 16:56:03.633 [main] DEBUG org.apache.cxf.transport.http.HTTPConduit - Conduit '{http://cxf.apache.org}TransportURIResolver.http-conduit' has been configured for plain http.
2019-01-15 16:56:03.648 [main] DEBUG org.apache.cxf.transport.http.HTTPConduit - registering incoming observer: org.apache.cxf.transport.TransportURIResolver$1@3d3ba765
2019-01-15 16:56:04.176 [main] DEBUG org.apache.cxf.transport.http.Headers - Accept: */*
2019-01-15 16:56:04.183 [main] DEBUG org.apache.cxf.transport.http.HTTPConduit - No Trust Decider for Conduit '{http://cxf.apache.org}TransportURIResolver.http-conduit'. An affirmative Trust Decision is assumed.
2019-01-15 16:56:04.433 [main] DEBUG org.apache.cxf.resource.DefaultResourceManager - resolving resource <http://tepos.jxlife.com.cn/ter/services/ThdpartyInterface?wsdl> as stream 
2019-01-15 16:56:04.484 [main] DEBUG org.apache.cxf.resource.DefaultResourceManager - resolving resource <http://tepos.jxlife.com.cn/ter/services/ThdpartyInterface?wsdl> type <class java.net.URL>
2019-01-15 16:56:04.547 [main] DEBUG org.apache.cxf.transport.http.HTTPConduit - Conduit '{http://cxf.apache.org}TransportURIResolver.http-conduit' has been (re)configured for plain http.
2019-01-15 16:56:04.554 [main] DEBUG org.apache.cxf.transport.http.HTTPConduit - No Trust Decider configured for Conduit '{http://cxf.apache.org}TransportURIResolver.http-conduit'
2019-01-15 16:56:04.561 [main] DEBUG org.apache.cxf.transport.http.HTTPConduit - No Auth Supplier configured for Conduit '{http://cxf.apache.org}TransportURIResolver.http-conduit'
2019-01-15 16:56:04.567 [main] DEBUG org.apache.cxf.transport.http.HTTPConduit - Conduit '{http://cxf.apache.org}TransportURIResolver.http-conduit' has been configured for plain http.
2019-01-15 16:56:04.574 [main] DEBUG org.apache.cxf.transport.http.HTTPConduit - registering incoming observer: org.apache.cxf.transport.TransportURIResolver$1@2c88b9fc
2019-01-15 16:56:04.589 [main] DEBUG org.apache.cxf.transport.http.Headers - Accept: */*
2019-01-15 16:56:04.596 [main] DEBUG org.apache.cxf.transport.http.HTTPConduit - No Trust Decider for Conduit '{http://cxf.apache.org}TransportURIResolver.http-conduit'. An affirmative Trust Decision is assumed.
2019-01-15 16:56:04.681 [main] DEBUG org.apache.cxf.resource.DefaultResourceManager - resolving resource <http://tepos.jxlife.com.cn/ter/services/ThdpartyInterface?wsdl> as stream 
2019-01-15 16:56:04.734 [main] DEBUG org.apache.cxf.resource.DefaultResourceManager - resolving resource <http://tepos.jxlife.com.cn/ter/services/ThdpartyInterface?wsdl> type <class java.net.URL>
2019-01-15 17:19:01.486 [main] DEBUG org.apache.cxf.common.logging.LogUtils - Using org.apache.cxf.common.logging.Slf4jLogger for logging.
2019-01-15 17:19:01.629 [main] DEBUG o.apache.cxf.endpoint.dynamic.DynamicClientFactory - Creating client from WSDL http://tepos.jxlife.com.cn/ter/services/ThdpartyInterface?wsdl
2019-01-15 17:19:01.689 [main] DEBUG org.apache.cxf.resource.DefaultResourceManager - resolving resource <org.apache.cxf.wsdl11.WSDLManagerImpl/bus> type <interface org.apache.cxf.Bus>
2019-01-15 17:19:01.690 [main] DEBUG org.apache.cxf.resource.DefaultResourceManager - resolving resource <null> type <interface org.apache.cxf.Bus>
2019-01-15 17:19:01.824 [main] DEBUG org.apache.cxf.transport.http.HTTPConduit - Conduit '{http://cxf.apache.org}TransportURIResolver.http-conduit' has been (re)configured for plain http.
2019-01-15 17:19:01.824 [main] DEBUG org.apache.cxf.transport.http.HTTPConduit - No Trust Decider configured for Conduit '{http://cxf.apache.org}TransportURIResolver.http-conduit'
2019-01-15 17:19:01.824 [main] DEBUG org.apache.cxf.transport.http.HTTPConduit - No Auth Supplier configured for Conduit '{http://cxf.apache.org}TransportURIResolver.http-conduit'
2019-01-15 17:19:01.824 [main] DEBUG org.apache.cxf.transport.http.HTTPConduit - Conduit '{http://cxf.apache.org}TransportURIResolver.http-conduit' has been configured for plain http.
2019-01-15 17:19:01.825 [main] DEBUG org.apache.cxf.transport.http.HTTPConduit - registering incoming observer: org.apache.cxf.transport.TransportURIResolver$1@3c989952
2019-01-15 17:19:01.852 [main] DEBUG org.apache.cxf.transport.http.Headers - Accept: */*
2019-01-15 17:19:01.852 [main] DEBUG org.apache.cxf.transport.http.HTTPConduit - No Trust Decider for Conduit '{http://cxf.apache.org}TransportURIResolver.http-conduit'. An affirmative Trust Decision is assumed.
2019-01-15 17:19:01.913 [main] DEBUG org.apache.cxf.resource.DefaultResourceManager - resolving resource <http://tepos.jxlife.com.cn/ter/services/ThdpartyInterface?wsdl> as stream 
2019-01-15 17:19:01.914 [main] DEBUG org.apache.cxf.resource.DefaultResourceManager - resolving resource <http://tepos.jxlife.com.cn/ter/services/ThdpartyInterface?wsdl> type <class java.net.URL>
2019-01-15 17:19:01.915 [main] DEBUG org.apache.cxf.transport.http.HTTPConduit - Conduit '{http://cxf.apache.org}TransportURIResolver.http-conduit' has been (re)configured for plain http.
2019-01-15 17:19:01.916 [main] DEBUG org.apache.cxf.transport.http.HTTPConduit - No Trust Decider configured for Conduit '{http://cxf.apache.org}TransportURIResolver.http-conduit'
2019-01-15 17:19:01.916 [main] DEBUG org.apache.cxf.transport.http.HTTPConduit - No Auth Supplier configured for Conduit '{http://cxf.apache.org}TransportURIResolver.http-conduit'
2019-01-15 17:19:01.916 [main] DEBUG org.apache.cxf.transport.http.HTTPConduit - Conduit '{http://cxf.apache.org}TransportURIResolver.http-conduit' has been configured for plain http.
2019-01-15 17:19:01.916 [main] DEBUG org.apache.cxf.transport.http.HTTPConduit - registering incoming observer: org.apache.cxf.transport.TransportURIResolver$1@295eaa7c
2019-01-15 17:19:01.916 [main] DEBUG org.apache.cxf.transport.http.Headers - Accept: */*
2019-01-15 17:19:01.916 [main] DEBUG org.apache.cxf.transport.http.HTTPConduit - No Trust Decider for Conduit '{http://cxf.apache.org}TransportURIResolver.http-conduit'. An affirmative Trust Decision is assumed.
2019-01-15 17:19:01.940 [main] DEBUG org.apache.cxf.resource.DefaultResourceManager - resolving resource <http://tepos.jxlife.com.cn/ter/services/ThdpartyInterface?wsdl> as stream 
2019-01-15 17:19:01.941 [main] DEBUG org.apache.cxf.resource.DefaultResourceManager - resolving resource <http://tepos.jxlife.com.cn/ter/services/ThdpartyInterface?wsdl> type <class java.net.URL>
2019-01-15 17:20:53.881 [main] DEBUG org.apache.cxf.common.logging.LogUtils - Using org.apache.cxf.common.logging.Slf4jLogger for logging.
2019-01-15 17:20:54.038 [main] DEBUG o.apache.cxf.endpoint.dynamic.DynamicClientFactory - Creating client from WSDL http://tepos.jxlife.com.cn/ter/services/ThdpartyInterface?wsdl
2019-01-15 17:20:54.095 [main] DEBUG org.apache.cxf.resource.DefaultResourceManager - resolving resource <org.apache.cxf.wsdl11.WSDLManagerImpl/bus> type <interface org.apache.cxf.Bus>
2019-01-15 17:20:54.096 [main] DEBUG org.apache.cxf.resource.DefaultResourceManager - resolving resource <null> type <interface org.apache.cxf.Bus>
2019-01-15 17:20:54.282 [main] DEBUG org.apache.cxf.transport.http.HTTPConduit - Conduit '{http://cxf.apache.org}TransportURIResolver.http-conduit' has been (re)configured for plain http.
2019-01-15 17:20:54.282 [main] DEBUG org.apache.cxf.transport.http.HTTPConduit - No Trust Decider configured for Conduit '{http://cxf.apache.org}TransportURIResolver.http-conduit'
2019-01-15 17:20:54.283 [main] DEBUG org.apache.cxf.transport.http.HTTPConduit - No Auth Supplier configured for Conduit '{http://cxf.apache.org}TransportURIResolver.http-conduit'
2019-01-15 17:20:54.283 [main] DEBUG org.apache.cxf.transport.http.HTTPConduit - Conduit '{http://cxf.apache.org}TransportURIResolver.http-conduit' has been configured for plain http.
2019-01-15 17:20:54.283 [main] DEBUG org.apache.cxf.transport.http.HTTPConduit - registering incoming observer: org.apache.cxf.transport.TransportURIResolver$1@3c989952
2019-01-15 17:20:54.336 [main] DEBUG org.apache.cxf.transport.http.Headers - Accept: */*
2019-01-15 17:20:54.336 [main] DEBUG org.apache.cxf.transport.http.HTTPConduit - No Trust Decider for Conduit '{http://cxf.apache.org}TransportURIResolver.http-conduit'. An affirmative Trust Decision is assumed.
2019-01-15 17:20:54.385 [main] DEBUG org.apache.cxf.resource.DefaultResourceManager - resolving resource <http://tepos.jxlife.com.cn/ter/services/ThdpartyInterface?wsdl> as stream 
2019-01-15 17:20:54.387 [main] DEBUG org.apache.cxf.resource.DefaultResourceManager - resolving resource <http://tepos.jxlife.com.cn/ter/services/ThdpartyInterface?wsdl> type <class java.net.URL>
2019-01-15 17:20:54.388 [main] DEBUG org.apache.cxf.transport.http.HTTPConduit - Conduit '{http://cxf.apache.org}TransportURIResolver.http-conduit' has been (re)configured for plain http.
2019-01-15 17:20:54.388 [main] DEBUG org.apache.cxf.transport.http.HTTPConduit - No Trust Decider configured for Conduit '{http://cxf.apache.org}TransportURIResolver.http-conduit'
2019-01-15 17:20:54.388 [main] DEBUG org.apache.cxf.transport.http.HTTPConduit - No Auth Supplier configured for Conduit '{http://cxf.apache.org}TransportURIResolver.http-conduit'
2019-01-15 17:20:54.389 [main] DEBUG org.apache.cxf.transport.http.HTTPConduit - Conduit '{http://cxf.apache.org}TransportURIResolver.http-conduit' has been configured for plain http.
2019-01-15 17:20:54.389 [main] DEBUG org.apache.cxf.transport.http.HTTPConduit - registering incoming observer: org.apache.cxf.transport.TransportURIResolver$1@295eaa7c
2019-01-15 17:20:54.389 [main] DEBUG org.apache.cxf.transport.http.Headers - Accept: */*
2019-01-15 17:20:54.389 [main] DEBUG org.apache.cxf.transport.http.HTTPConduit - No Trust Decider for Conduit '{http://cxf.apache.org}TransportURIResolver.http-conduit'. An affirmative Trust Decision is assumed.
2019-01-15 17:20:54.452 [main] DEBUG org.apache.cxf.resource.DefaultResourceManager - resolving resource <http://tepos.jxlife.com.cn/ter/services/ThdpartyInterface?wsdl> as stream 
2019-01-15 17:20:54.453 [main] DEBUG org.apache.cxf.resource.DefaultResourceManager - resolving resource <http://tepos.jxlife.com.cn/ter/services/ThdpartyInterface?wsdl> type <class java.net.URL>
2019-01-15 17:37:36.112 [main] DEBUG org.apache.cxf.common.logging.LogUtils - Using org.apache.cxf.common.logging.Slf4jLogger for logging.
2019-01-15 17:38:37.884 [main] DEBUG org.apache.cxf.common.logging.LogUtils - Using org.apache.cxf.common.logging.Slf4jLogger for logging.
2019-01-15 17:39:05.933 [main] DEBUG org.apache.cxf.common.logging.LogUtils - Using org.apache.cxf.common.logging.Slf4jLogger for logging.
2019-01-15 17:39:06.079 [main] DEBUG o.apache.cxf.endpoint.dynamic.DynamicClientFactory - Creating client from WSDL https://tepos.jxlife.com.cn/ter/services/ThdpartyInterface?wsdl
2019-01-15 17:39:06.144 [main] DEBUG org.apache.cxf.resource.DefaultResourceManager - resolving resource <org.apache.cxf.wsdl11.WSDLManagerImpl/bus> type <interface org.apache.cxf.Bus>
2019-01-15 17:39:06.146 [main] DEBUG org.apache.cxf.resource.DefaultResourceManager - resolving resource <null> type <interface org.apache.cxf.Bus>
2019-01-15 17:39:06.282 [main] DEBUG org.apache.cxf.transport.http.HTTPConduit - Conduit '{http://cxf.apache.org}TransportURIResolver.http-conduit' has been (re)configured for plain http.
2019-01-15 17:39:06.282 [main] DEBUG org.apache.cxf.transport.http.HTTPConduit - No Trust Decider configured for Conduit '{http://cxf.apache.org}TransportURIResolver.http-conduit'
2019-01-15 17:39:06.283 [main] DEBUG org.apache.cxf.transport.http.HTTPConduit - No Auth Supplier configured for Conduit '{http://cxf.apache.org}TransportURIResolver.http-conduit'
2019-01-15 17:39:06.283 [main] DEBUG org.apache.cxf.transport.http.HTTPConduit - Conduit '{http://cxf.apache.org}TransportURIResolver.http-conduit' has been configured for plain http.
2019-01-15 17:39:06.284 [main] DEBUG org.apache.cxf.transport.http.HTTPConduit - registering incoming observer: org.apache.cxf.transport.TransportURIResolver$1@3c989952
2019-01-15 17:39:06.569 [main] DEBUG org.apache.cxf.transport.https.SSLUtils - The location of the key store has not been set via a system parameter or through configuration so the default value of C:\Users\ALEE/.keystore will be used.
2019-01-15 17:39:06.569 [main] DEBUG org.apache.cxf.transport.https.SSLUtils - The key store password has not been set via a system property or through configuration, reading data from the keystore will fail.
2019-01-15 17:39:06.569 [main] DEBUG org.apache.cxf.transport.https.SSLUtils - The key password has not been set via a system property or through configuration, reading data from the keystore will fail.
2019-01-15 17:39:06.570 [main] DEBUG org.apache.cxf.transport.https.SSLUtils - No default keystore C:\Users\ALEE/.keystore
2019-01-15 17:39:06.573 [main] DEBUG o.a.cxf.transport.https.HttpsURLConnectionFactory - The cipher suites have been set to [TLS_ECDHE_ECDSA_WITH_AES_256_CBC_SHA384, TLS_ECDHE_RSA_WITH_AES_256_CBC_SHA384, TLS_RSA_WITH_AES_256_CBC_SHA256, TLS_ECDH_ECDSA_WITH_AES_256_CBC_SHA384, TLS_ECDH_RSA_WITH_AES_256_CBC_SHA384, TLS_DHE_RSA_WITH_AES_256_CBC_SHA256, TLS_DHE_DSS_WITH_AES_256_CBC_SHA256, TLS_ECDHE_ECDSA_WITH_AES_256_CBC_SHA, TLS_ECDHE_RSA_WITH_AES_256_CBC_SHA, TLS_RSA_WITH_AES_256_CBC_SHA, TLS_ECDH_ECDSA_WITH_AES_256_CBC_SHA, TLS_ECDH_RSA_WITH_AES_256_CBC_SHA, TLS_DHE_RSA_WITH_AES_256_CBC_SHA, TLS_DHE_DSS_WITH_AES_256_CBC_SHA, TLS_ECDHE_ECDSA_WITH_AES_128_CBC_SHA256, TLS_ECDHE_RSA_WITH_AES_128_CBC_SHA256, TLS_RSA_WITH_AES_128_CBC_SHA256, TLS_ECDH_ECDSA_WITH_AES_128_CBC_SHA256, TLS_ECDH_RSA_WITH_AES_128_CBC_SHA256, TLS_DHE_RSA_WITH_AES_128_CBC_SHA256, TLS_DHE_DSS_WITH_AES_128_CBC_SHA256, TLS_ECDHE_ECDSA_WITH_AES_128_CBC_SHA, TLS_ECDHE_RSA_WITH_AES_128_CBC_SHA, TLS_RSA_WITH_AES_128_CBC_SHA, TLS_ECDH_ECDSA_WITH_AES_128_CBC_SHA, TLS_ECDH_RSA_WITH_AES_128_CBC_SHA, TLS_DHE_RSA_WITH_AES_128_CBC_SHA, TLS_DHE_DSS_WITH_AES_128_CBC_SHA, TLS_ECDHE_ECDSA_WITH_AES_256_GCM_SHA384, TLS_ECDHE_ECDSA_WITH_AES_128_GCM_SHA256, TLS_ECDHE_RSA_WITH_AES_256_GCM_SHA384, TLS_RSA_WITH_AES_256_GCM_SHA384, TLS_ECDH_ECDSA_WITH_AES_256_GCM_SHA384, TLS_ECDH_RSA_WITH_AES_256_GCM_SHA384, TLS_DHE_RSA_WITH_AES_256_GCM_SHA384, TLS_DHE_DSS_WITH_AES_256_GCM_SHA384, TLS_ECDHE_RSA_WITH_AES_128_GCM_SHA256, TLS_RSA_WITH_AES_128_GCM_SHA256, TLS_ECDH_ECDSA_WITH_AES_128_GCM_SHA256, TLS_ECDH_RSA_WITH_AES_128_GCM_SHA256, TLS_DHE_RSA_WITH_AES_128_GCM_SHA256, TLS_DHE_DSS_WITH_AES_128_GCM_SHA256, TLS_ECDHE_ECDSA_WITH_3DES_EDE_CBC_SHA, TLS_ECDHE_RSA_WITH_3DES_EDE_CBC_SHA, SSL_RSA_WITH_3DES_EDE_CBC_SHA, TLS_ECDH_ECDSA_WITH_3DES_EDE_CBC_SHA, TLS_ECDH_RSA_WITH_3DES_EDE_CBC_SHA, SSL_DHE_RSA_WITH_3DES_EDE_CBC_SHA, SSL_DHE_DSS_WITH_3DES_EDE_CBC_SHA, TLS_EMPTY_RENEGOTIATION_INFO_SCSV].  
2019-01-15 17:39:06.625 [main] DEBUG org.apache.cxf.transport.http.Headers - Accept: */*
2019-01-15 17:39:06.626 [main] DEBUG org.apache.cxf.transport.http.HTTPConduit - No Trust Decider for Conduit '{http://cxf.apache.org}TransportURIResolver.http-conduit'. An affirmative Trust Decision is assumed.
2019-01-15 17:39:07.176 [main] DEBUG org.apache.cxf.wsdl11.WSDLServiceBuilder - Operation {http://outwardservice.lis.sinosoft.com}checkRequest cannot be unwrapped, input message must reference global element declaration with same localname as operation
2019-01-15 17:39:07.176 [main] DEBUG org.apache.cxf.wsdl11.WSDLServiceBuilder - Operation {http://outwardservice.lis.sinosoft.com}policyRequest cannot be unwrapped, input message must reference global element declaration with same localname as operation
2019-01-15 17:39:07.176 [main] DEBUG org.apache.cxf.wsdl11.WSDLServiceBuilder - Operation {http://outwardservice.lis.sinosoft.com}UnderwritingRequestttt cannot be unwrapped, input message must reference global element declaration with same localname as operation
2019-01-15 17:39:07.177 [main] DEBUG org.apache.cxf.wsdl11.WSDLServiceBuilder - Operation {http://outwardservice.lis.sinosoft.com}addInvoiceInfPush cannot be unwrapped, input message must reference global element declaration with same localname as operation
2019-01-15 17:39:07.177 [main] DEBUG org.apache.cxf.wsdl11.WSDLServiceBuilder - Operation {http://outwardservice.lis.sinosoft.com}underwritingRequest cannot be unwrapped, input message must reference global element declaration with same localname as operation
2019-01-15 17:39:07.177 [main] DEBUG org.apache.cxf.wsdl11.WSDLServiceBuilder - Operation {http://outwardservice.lis.sinosoft.com}cancelRequest cannot be unwrapped, input message must reference global element declaration with same localname as operation
2019-01-15 17:39:07.177 [main] DEBUG org.apache.cxf.wsdl11.WSDLServiceBuilder - Operation {http://outwardservice.lis.sinosoft.com}printRequest cannot be unwrapped, input message must reference global element declaration with same localname as operation
2019-01-15 17:39:07.177 [main] DEBUG org.apache.cxf.wsdl11.WSDLServiceBuilder - Operation {http://outwardservice.lis.sinosoft.com}callbackCyx cannot be unwrapped, input message must reference global element declaration with same localname as operation
2019-01-15 17:39:07.178 [main] DEBUG org.apache.cxf.wsdl11.WSDLServiceBuilder - Operation {http://outwardservice.lis.sinosoft.com}synPlan cannot be unwrapped, input message must reference global element declaration with same localname as operation
2019-01-15 17:39:07.178 [main] DEBUG org.apache.cxf.wsdl11.WSDLServiceBuilder - Operation {http://outwardservice.lis.sinosoft.com}callbackCertify cannot be unwrapped, input message must reference global element declaration with same localname as operation
2019-01-15 17:39:07.178 [main] DEBUG org.apache.cxf.wsdl11.WSDLServiceBuilder - Operation {http://outwardservice.lis.sinosoft.com}synCertify cannot be unwrapped, input message must reference global element declaration with same localname as operation
2019-01-15 17:39:07.178 [main] DEBUG org.apache.cxf.wsdl11.WSDLServiceBuilder - Operation {http://outwardservice.lis.sinosoft.com}main cannot be unwrapped, input message must reference global element declaration with same localname as operation
2019-01-15 17:41:53.556 [main] DEBUG org.apache.cxf.common.logging.LogUtils - Using org.apache.cxf.common.logging.Slf4jLogger for logging.
2019-01-15 17:41:53.700 [main] DEBUG o.apache.cxf.endpoint.dynamic.DynamicClientFactory - Creating client from WSDL https://tepos.jxlife.com.cn/ter/services/ThdpartyInterface?wsdl
2019-01-15 17:41:53.761 [main] DEBUG org.apache.cxf.resource.DefaultResourceManager - resolving resource <org.apache.cxf.wsdl11.WSDLManagerImpl/bus> type <interface org.apache.cxf.Bus>
2019-01-15 17:41:53.762 [main] DEBUG org.apache.cxf.resource.DefaultResourceManager - resolving resource <null> type <interface org.apache.cxf.Bus>
2019-01-15 17:41:53.899 [main] DEBUG org.apache.cxf.transport.http.HTTPConduit - Conduit '{http://cxf.apache.org}TransportURIResolver.http-conduit' has been (re)configured for plain http.
2019-01-15 17:41:53.900 [main] DEBUG org.apache.cxf.transport.http.HTTPConduit - No Trust Decider configured for Conduit '{http://cxf.apache.org}TransportURIResolver.http-conduit'
2019-01-15 17:41:53.900 [main] DEBUG org.apache.cxf.transport.http.HTTPConduit - No Auth Supplier configured for Conduit '{http://cxf.apache.org}TransportURIResolver.http-conduit'
2019-01-15 17:41:53.900 [main] DEBUG org.apache.cxf.transport.http.HTTPConduit - Conduit '{http://cxf.apache.org}TransportURIResolver.http-conduit' has been configured for plain http.
2019-01-15 17:41:53.901 [main] DEBUG org.apache.cxf.transport.http.HTTPConduit - registering incoming observer: org.apache.cxf.transport.TransportURIResolver$1@3c989952
2019-01-15 17:41:54.192 [main] DEBUG org.apache.cxf.transport.https.SSLUtils - The location of the key store has not been set via a system parameter or through configuration so the default value of C:\Users\ALEE/.keystore will be used.
2019-01-15 17:41:54.192 [main] DEBUG org.apache.cxf.transport.https.SSLUtils - The key store password has not been set via a system property or through configuration, reading data from the keystore will fail.
2019-01-15 17:41:54.192 [main] DEBUG org.apache.cxf.transport.https.SSLUtils - The key password has not been set via a system property or through configuration, reading data from the keystore will fail.
2019-01-15 17:41:54.193 [main] DEBUG org.apache.cxf.transport.https.SSLUtils - No default keystore C:\Users\ALEE/.keystore
2019-01-15 17:41:54.195 [main] DEBUG o.a.cxf.transport.https.HttpsURLConnectionFactory - The cipher suites have been set to [TLS_ECDHE_ECDSA_WITH_AES_256_CBC_SHA384, TLS_ECDHE_RSA_WITH_AES_256_CBC_SHA384, TLS_RSA_WITH_AES_256_CBC_SHA256, TLS_ECDH_ECDSA_WITH_AES_256_CBC_SHA384, TLS_ECDH_RSA_WITH_AES_256_CBC_SHA384, TLS_DHE_RSA_WITH_AES_256_CBC_SHA256, TLS_DHE_DSS_WITH_AES_256_CBC_SHA256, TLS_ECDHE_ECDSA_WITH_AES_256_CBC_SHA, TLS_ECDHE_RSA_WITH_AES_256_CBC_SHA, TLS_RSA_WITH_AES_256_CBC_SHA, TLS_ECDH_ECDSA_WITH_AES_256_CBC_SHA, TLS_ECDH_RSA_WITH_AES_256_CBC_SHA, TLS_DHE_RSA_WITH_AES_256_CBC_SHA, TLS_DHE_DSS_WITH_AES_256_CBC_SHA, TLS_ECDHE_ECDSA_WITH_AES_128_CBC_SHA256, TLS_ECDHE_RSA_WITH_AES_128_CBC_SHA256, TLS_RSA_WITH_AES_128_CBC_SHA256, TLS_ECDH_ECDSA_WITH_AES_128_CBC_SHA256, TLS_ECDH_RSA_WITH_AES_128_CBC_SHA256, TLS_DHE_RSA_WITH_AES_128_CBC_SHA256, TLS_DHE_DSS_WITH_AES_128_CBC_SHA256, TLS_ECDHE_ECDSA_WITH_AES_128_CBC_SHA, TLS_ECDHE_RSA_WITH_AES_128_CBC_SHA, TLS_RSA_WITH_AES_128_CBC_SHA, TLS_ECDH_ECDSA_WITH_AES_128_CBC_SHA, TLS_ECDH_RSA_WITH_AES_128_CBC_SHA, TLS_DHE_RSA_WITH_AES_128_CBC_SHA, TLS_DHE_DSS_WITH_AES_128_CBC_SHA, TLS_ECDHE_ECDSA_WITH_AES_256_GCM_SHA384, TLS_ECDHE_ECDSA_WITH_AES_128_GCM_SHA256, TLS_ECDHE_RSA_WITH_AES_256_GCM_SHA384, TLS_RSA_WITH_AES_256_GCM_SHA384, TLS_ECDH_ECDSA_WITH_AES_256_GCM_SHA384, TLS_ECDH_RSA_WITH_AES_256_GCM_SHA384, TLS_DHE_RSA_WITH_AES_256_GCM_SHA384, TLS_DHE_DSS_WITH_AES_256_GCM_SHA384, TLS_ECDHE_RSA_WITH_AES_128_GCM_SHA256, TLS_RSA_WITH_AES_128_GCM_SHA256, TLS_ECDH_ECDSA_WITH_AES_128_GCM_SHA256, TLS_ECDH_RSA_WITH_AES_128_GCM_SHA256, TLS_DHE_RSA_WITH_AES_128_GCM_SHA256, TLS_DHE_DSS_WITH_AES_128_GCM_SHA256, TLS_ECDHE_ECDSA_WITH_3DES_EDE_CBC_SHA, TLS_ECDHE_RSA_WITH_3DES_EDE_CBC_SHA, SSL_RSA_WITH_3DES_EDE_CBC_SHA, TLS_ECDH_ECDSA_WITH_3DES_EDE_CBC_SHA, TLS_ECDH_RSA_WITH_3DES_EDE_CBC_SHA, SSL_DHE_RSA_WITH_3DES_EDE_CBC_SHA, SSL_DHE_DSS_WITH_3DES_EDE_CBC_SHA, TLS_EMPTY_RENEGOTIATION_INFO_SCSV].  
2019-01-15 17:41:54.220 [main] DEBUG org.apache.cxf.transport.http.Headers - Accept: */*
2019-01-15 17:41:54.221 [main] DEBUG org.apache.cxf.transport.http.HTTPConduit - No Trust Decider for Conduit '{http://cxf.apache.org}TransportURIResolver.http-conduit'. An affirmative Trust Decision is assumed.
2019-01-15 17:41:54.622 [main] DEBUG org.apache.cxf.wsdl11.WSDLServiceBuilder - Operation {http://outwardservice.lis.sinosoft.com}checkRequest cannot be unwrapped, input message must reference global element declaration with same localname as operation
2019-01-15 17:41:54.622 [main] DEBUG org.apache.cxf.wsdl11.WSDLServiceBuilder - Operation {http://outwardservice.lis.sinosoft.com}policyRequest cannot be unwrapped, input message must reference global element declaration with same localname as operation
2019-01-15 17:41:54.622 [main] DEBUG org.apache.cxf.wsdl11.WSDLServiceBuilder - Operation {http://outwardservice.lis.sinosoft.com}UnderwritingRequestttt cannot be unwrapped, input message must reference global element declaration with same localname as operation
2019-01-15 17:41:54.622 [main] DEBUG org.apache.cxf.wsdl11.WSDLServiceBuilder - Operation {http://outwardservice.lis.sinosoft.com}addInvoiceInfPush cannot be unwrapped, input message must reference global element declaration with same localname as operation
2019-01-15 17:41:54.623 [main] DEBUG org.apache.cxf.wsdl11.WSDLServiceBuilder - Operation {http://outwardservice.lis.sinosoft.com}underwritingRequest cannot be unwrapped, input message must reference global element declaration with same localname as operation
2019-01-15 17:41:54.623 [main] DEBUG org.apache.cxf.wsdl11.WSDLServiceBuilder - Operation {http://outwardservice.lis.sinosoft.com}cancelRequest cannot be unwrapped, input message must reference global element declaration with same localname as operation
2019-01-15 17:41:54.623 [main] DEBUG org.apache.cxf.wsdl11.WSDLServiceBuilder - Operation {http://outwardservice.lis.sinosoft.com}printRequest cannot be unwrapped, input message must reference global element declaration with same localname as operation
2019-01-15 17:41:54.623 [main] DEBUG org.apache.cxf.wsdl11.WSDLServiceBuilder - Operation {http://outwardservice.lis.sinosoft.com}callbackCyx cannot be unwrapped, input message must reference global element declaration with same localname as operation
2019-01-15 17:41:54.623 [main] DEBUG org.apache.cxf.wsdl11.WSDLServiceBuilder - Operation {http://outwardservice.lis.sinosoft.com}synPlan cannot be unwrapped, input message must reference global element declaration with same localname as operation
2019-01-15 17:41:54.623 [main] DEBUG org.apache.cxf.wsdl11.WSDLServiceBuilder - Operation {http://outwardservice.lis.sinosoft.com}callbackCertify cannot be unwrapped, input message must reference global element declaration with same localname as operation
2019-01-15 17:41:54.623 [main] DEBUG org.apache.cxf.wsdl11.WSDLServiceBuilder - Operation {http://outwardservice.lis.sinosoft.com}synCertify cannot be unwrapped, input message must reference global element declaration with same localname as operation
2019-01-15 17:41:54.624 [main] DEBUG org.apache.cxf.wsdl11.WSDLServiceBuilder - Operation {http://outwardservice.lis.sinosoft.com}main cannot be unwrapped, input message must reference global element declaration with same localname as operation
