2018-12-13 14:02:04.041 [main] INFO  o.s.c.a.AnnotationConfigApplicationContext - Refreshing org.springframework.context.annotation.AnnotationConfigApplicationContext@17cdf2d0: startup date [Thu Dec 13 14:02:04 CST 2018]; root of context hierarchy
2018-12-13 14:02:04.065 [background-preinit] DEBUG org.jboss.logging - Logging Provider: org.jboss.logging.Slf4jLoggerProvider found via system property
2018-12-13 14:02:04.067 [background-preinit] INFO  org.hibernate.validator.internal.util.Version - HV000001: Hibernate Validator 5.3.6.Final
2018-12-13 14:02:04.402 [main] INFO  o.s.b.f.a.AutowiredAnnotationBeanPostProcessor - JSR-330 'javax.inject.Inject' annotation found and supported for autowiring
2018-12-13 14:02:04.465 [main] INFO  o.s.c.s.PostProcessorRegistrationDelegate$BeanPostProcessorChecker - Bean 'configurationPropertiesRebinderAutoConfiguration' of type [org.springframework.cloud.autoconfigure.ConfigurationPropertiesRebinderAutoConfiguration$$EnhancerBySpringCGLIB$$80de0e83] is not eligible for getting processed by all BeanPostProcessors (for example: not eligible for auto-proxying)
2018-12-13 14:02:05.135 [main] INFO  cn.trasen.Application - No active profile set, falling back to default profiles: default
2018-12-13 14:02:05.172 [main] INFO  o.s.b.c.e.AnnotationConfigEmbeddedWebApplicationContext - Refreshing org.springframework.boot.context.embedded.AnnotationConfigEmbeddedWebApplicationContext@48cd9a2c: startup date [Thu Dec 13 14:02:05 CST 2018]; parent: org.springframework.context.annotation.AnnotationConfigApplicationContext@17cdf2d0
2018-12-13 14:02:06.749 [main] INFO  o.s.d.r.config.RepositoryConfigurationDelegate - Multiple Spring Data modules found, entering strict repository configuration mode!
2018-12-13 14:02:06.980 [main] WARN  tk.mybatis.spring.mapper.ClassPathMapperScanner - No MyBatis mapper was found in '[cn.trasen]' package. Please check your configuration.
2018-12-13 14:02:07.253 [main] INFO  o.springframework.cloud.context.scope.GenericScope - BeanFactory id=520aad85-302c-363c-89b2-ee68fac45ad9
2018-12-13 14:02:07.286 [main] INFO  o.s.b.f.a.AutowiredAnnotationBeanPostProcessor - JSR-330 'javax.inject.Inject' annotation found and supported for autowiring
2018-12-13 14:02:07.526 [main] INFO  o.s.c.s.PostProcessorRegistrationDelegate$BeanPostProcessorChecker - Bean 'org.springframework.transaction.annotation.ProxyTransactionManagementConfiguration' of type [org.springframework.transaction.annotation.ProxyTransactionManagementConfiguration$$EnhancerBySpringCGLIB$$64c40b86] is not eligible for getting processed by all BeanPostProcessors (for example: not eligible for auto-proxying)
2018-12-13 14:02:07.866 [main] INFO  o.s.c.s.PostProcessorRegistrationDelegate$BeanPostProcessorChecker - Bean 'spring.datasource.druid-cn.trasen.BootComm.DruidStatProperties' of type [cn.trasen.BootComm.DruidStatProperties] is not eligible for getting processed by all BeanPostProcessors (for example: not eligible for auto-proxying)
2018-12-13 14:02:07.875 [main] INFO  o.s.c.s.PostProcessorRegistrationDelegate$BeanPostProcessorChecker - Bean 'druidConfiguration' of type [cn.trasen.BootComm.DruidConfiguration$$EnhancerBySpringCGLIB$$bd9648dd] is not eligible for getting processed by all BeanPostProcessors (for example: not eligible for auto-proxying)
2018-12-13 14:02:07.891 [main] INFO  o.s.c.s.PostProcessorRegistrationDelegate$BeanPostProcessorChecker - Bean 'druidStatPointcut' of type [org.springframework.aop.support.JdkRegexpMethodPointcut] is not eligible for getting processed by all BeanPostProcessors (for example: not eligible for auto-proxying)
2018-12-13 14:02:07.931 [main] INFO  o.s.c.s.PostProcessorRegistrationDelegate$BeanPostProcessorChecker - Bean 'druidStatInterceptor' of type [com.alibaba.druid.support.spring.stat.DruidStatInterceptor] is not eligible for getting processed by all BeanPostProcessors (for example: not eligible for auto-proxying)
2018-12-13 14:02:07.940 [main] INFO  o.s.c.s.PostProcessorRegistrationDelegate$BeanPostProcessorChecker - Bean 'druidStatAdvisor' of type [org.springframework.aop.support.DefaultPointcutAdvisor] is not eligible for getting processed by all BeanPostProcessors (for example: not eligible for auto-proxying)
2018-12-13 14:02:07.978 [main] INFO  o.s.c.s.PostProcessorRegistrationDelegate$BeanPostProcessorChecker - Bean 'org.springframework.cloud.autoconfigure.ConfigurationPropertiesRebinderAutoConfiguration' of type [org.springframework.cloud.autoconfigure.ConfigurationPropertiesRebinderAutoConfiguration$$EnhancerBySpringCGLIB$$80de0e83] is not eligible for getting processed by all BeanPostProcessors (for example: not eligible for auto-proxying)
2018-12-13 14:02:09.547 [main] INFO  o.s.b.c.e.tomcat.TomcatEmbeddedServletContainer - Tomcat initialized with port(s): 6765 (http)
2018-12-13 14:02:09.636 [main] INFO  org.apache.catalina.core.StandardService - Starting service [Tomcat]
2018-12-13 14:02:09.637 [main] INFO  org.apache.catalina.core.StandardEngine - Starting Servlet Engine: Apache Tomcat/8.5.27
2018-12-13 14:02:10.446 [localhost-startStop-1] INFO  o.a.c.c.C.[Tomcat].[localhost].[/ts-file] - Initializing Spring embedded WebApplicationContext
2018-12-13 14:02:10.447 [localhost-startStop-1] INFO  org.springframework.web.context.ContextLoader - Root WebApplicationContext: initialization completed in 5275 ms
2018-12-13 14:02:11.186 [localhost-startStop-1] INFO  o.s.boot.web.servlet.ServletRegistrationBean - Mapping servlet: 'statViewServlet' to [/druid/*]
2018-12-13 14:02:11.188 [localhost-startStop-1] INFO  o.s.boot.web.servlet.ServletRegistrationBean - Mapping servlet: 'dispatcherServlet' to [/]
2018-12-13 14:02:11.213 [localhost-startStop-1] INFO  o.s.boot.web.servlet.FilterRegistrationBean - Mapping filter: 'characterEncodingFilter' to: [/*]
2018-12-13 14:02:11.214 [localhost-startStop-1] INFO  o.s.boot.web.servlet.FilterRegistrationBean - Mapping filter: 'hiddenHttpMethodFilter' to: [/*]
2018-12-13 14:02:11.214 [localhost-startStop-1] INFO  o.s.boot.web.servlet.FilterRegistrationBean - Mapping filter: 'httpPutFormContentFilter' to: [/*]
2018-12-13 14:02:11.214 [localhost-startStop-1] INFO  o.s.boot.web.servlet.FilterRegistrationBean - Mapping filter: 'requestContextFilter' to: [/*]
2018-12-13 14:02:11.214 [localhost-startStop-1] INFO  o.s.boot.web.servlet.FilterRegistrationBean - Mapping filter: 'webStatFilter' to urls: [/*]
2018-12-13 14:02:11.214 [localhost-startStop-1] INFO  o.s.boot.web.servlet.FilterRegistrationBean - Mapping filter: 'loginFilter' to: [/*]
2018-12-13 14:02:11.214 [localhost-startStop-1] INFO  o.s.boot.web.servlet.FilterRegistrationBean - Mapping filter: 'SSOFilters' to: [/*]
2018-12-13 14:02:11.285 [localhost-startStop-1] INFO  cn.trasen.BootComm.filter.SSOFilter - ============SSOFilter 启动==================== SSO Domain Serverhttp://39.104.149.133:8080
2018-12-13 14:02:13.372 [main] WARN  com.netflix.config.sources.URLConfigurationSource - No URLs will be polled as dynamic configuration sources.
2018-12-13 14:02:13.373 [main] INFO  com.netflix.config.sources.URLConfigurationSource - To enable URLs as dynamic configuration sources, define System property archaius.configurationSource.additionalUrls or make config.properties available on classpath.
2018-12-13 14:02:13.399 [main] WARN  com.netflix.config.sources.URLConfigurationSource - No URLs will be polled as dynamic configuration sources.
2018-12-13 14:02:13.400 [main] INFO  com.netflix.config.sources.URLConfigurationSource - To enable URLs as dynamic configuration sources, define System property archaius.configurationSource.additionalUrls or make config.properties available on classpath.
2018-12-13 14:02:13.929 [main] INFO  o.s.w.s.m.m.a.RequestMappingHandlerAdapter - Looking for @ControllerAdvice: org.springframework.boot.context.embedded.AnnotationConfigEmbeddedWebApplicationContext@48cd9a2c: startup date [Thu Dec 13 14:02:05 CST 2018]; parent: org.springframework.context.annotation.AnnotationConfigApplicationContext@17cdf2d0
2018-12-13 14:02:14.037 [main] INFO  o.s.w.s.m.m.a.RequestMappingHandlerMapping - Mapped "{[/file/list/{businessId}],methods=[POST]}" onto public cn.trasen.core.entity.Result cn.trasen.tsfile.controller.FileController.getFileListByBusiId(java.lang.String)
2018-12-13 14:02:14.038 [main] INFO  o.s.w.s.m.m.a.RequestMappingHandlerMapping - Mapped "{[/file/update/{businessId}/{tempBusinessId}],methods=[POST]}" onto public cn.trasen.core.entity.Result cn.trasen.tsfile.controller.FileController.updateTempBusinessId(java.lang.String,java.lang.String)
2018-12-13 14:02:14.038 [main] INFO  o.s.w.s.m.m.a.RequestMappingHandlerMapping - Mapped "{[/file/delete/{fileId}],methods=[POST]}" onto public cn.trasen.core.entity.Result cn.trasen.tsfile.controller.FileController.deleteFileById(java.lang.String)
2018-12-13 14:02:14.038 [main] INFO  o.s.w.s.m.m.a.RequestMappingHandlerMapping - Mapped "{[/file/v2/upload],methods=[POST]}" onto public cn.trasen.core.entity.Result cn.trasen.tsfile.controller.FileController.upload(javax.servlet.http.HttpServletRequest,org.springframework.web.multipart.MultipartFile)
2018-12-13 14:02:14.038 [main] INFO  o.s.w.s.m.m.a.RequestMappingHandlerMapping - Mapped "{[/file/upload],methods=[POST]}" onto public cn.trasen.core.entity.Result cn.trasen.tsfile.controller.FileController.uploadFile(javax.servlet.http.HttpServletRequest,org.springframework.web.multipart.MultipartFile,java.lang.String)
2018-12-13 14:02:14.039 [main] INFO  o.s.w.s.m.m.a.RequestMappingHandlerMapping - Mapped "{[/file/list],methods=[POST]}" onto public cn.trasen.BootComm.model.DataSet<cn.trasen.tsfile.model.BaseFile> cn.trasen.tsfile.controller.FileController.getFileList(cn.trasen.core.feature.orm.mybatis.Page,cn.trasen.tsfile.model.BaseFile)
2018-12-13 14:02:14.039 [main] INFO  o.s.w.s.m.m.a.RequestMappingHandlerMapping - Mapped "{[/file/download/{fileId}],methods=[GET]}" onto public void cn.trasen.tsfile.controller.FileController.downloadFile(java.lang.String,javax.servlet.http.HttpServletRequest,javax.servlet.http.HttpServletResponse)
2018-12-13 14:02:14.041 [main] INFO  o.s.w.s.m.m.a.RequestMappingHandlerMapping - Mapped "{[/hello]}" onto public java.lang.String cn.trasen.tsfile.controller.HdfsController.hello()
2018-12-13 14:02:14.041 [main] INFO  o.s.w.s.m.m.a.RequestMappingHandlerMapping - Mapped "{[/hdfs/uploadFile/{fileName}/{uploadFile}],methods=[GET]}" onto public void cn.trasen.tsfile.controller.HdfsController.UploadFile(java.lang.String,java.lang.String) throws java.lang.Exception
2018-12-13 14:02:14.043 [main] INFO  o.s.w.s.m.m.a.RequestMappingHandlerMapping - Mapped "{[/error]}" onto public org.springframework.http.ResponseEntity<java.util.Map<java.lang.String, java.lang.Object>> org.springframework.boot.autoconfigure.web.BasicErrorController.error(javax.servlet.http.HttpServletRequest)
2018-12-13 14:02:14.044 [main] INFO  o.s.w.s.m.m.a.RequestMappingHandlerMapping - Mapped "{[/error],produces=[text/html]}" onto public org.springframework.web.servlet.ModelAndView org.springframework.boot.autoconfigure.web.BasicErrorController.errorHtml(javax.servlet.http.HttpServletRequest,javax.servlet.http.HttpServletResponse)
2018-12-13 14:02:14.227 [main] INFO  o.s.web.servlet.handler.SimpleUrlHandlerMapping - Mapped URL path [/webjars/**] onto handler of type [class org.springframework.web.servlet.resource.ResourceHttpRequestHandler]
2018-12-13 14:02:14.227 [main] INFO  o.s.web.servlet.handler.SimpleUrlHandlerMapping - Mapped URL path [/**] onto handler of type [class org.springframework.web.servlet.resource.ResourceHttpRequestHandler]
2018-12-13 14:02:14.324 [main] INFO  o.s.web.servlet.handler.SimpleUrlHandlerMapping - Mapped URL path [/**/favicon.ico] onto handler of type [class org.springframework.web.servlet.resource.ResourceHttpRequestHandler]
2018-12-13 14:02:15.572 [main] INFO  o.s.ui.freemarker.SpringTemplateLoader - SpringTemplateLoader for FreeMarker: using resource loader [org.springframework.boot.context.embedded.AnnotationConfigEmbeddedWebApplicationContext@48cd9a2c: startup date [Thu Dec 13 14:02:05 CST 2018]; parent: org.springframework.context.annotation.AnnotationConfigApplicationContext@17cdf2d0] and template loader path [classpath:/templates/]
2018-12-13 14:02:15.574 [main] INFO  o.s.w.servlet.view.freemarker.FreeMarkerConfigurer - ClassTemplateLoader for Spring macros added to FreeMarker configuration
2018-12-13 14:02:15.616 [main] WARN  o.s.b.a.freemarker.FreeMarkerAutoConfiguration - Cannot find template location(s): [classpath:/templates/] (please add some templates, check your FreeMarker configuration, or set spring.freemarker.checkTemplateLocation=false)
2018-12-13 14:02:16.654 [main] WARN  o.s.c.s.e.EurekaStarterDeprecationWarningAutoConfiguration - spring-cloud-starter-eureka is deprecated as of Spring Cloud Netflix 1.4.0, please migrate to spring-cloud-starter-netflix-eureka
2018-12-13 14:02:16.912 [main] INFO  o.s.jmx.export.annotation.AnnotationMBeanExporter - Registering beans for JMX exposure on startup
2018-12-13 14:02:16.913 [main] INFO  o.s.jmx.export.annotation.AnnotationMBeanExporter - Bean with name 'dataSource' has been autodetected for JMX exposure
2018-12-13 14:02:16.924 [main] INFO  o.s.jmx.export.annotation.AnnotationMBeanExporter - Bean with name 'environmentManager' has been autodetected for JMX exposure
2018-12-13 14:02:16.925 [main] INFO  o.s.jmx.export.annotation.AnnotationMBeanExporter - Bean with name 'configurationPropertiesRebinder' has been autodetected for JMX exposure
2018-12-13 14:02:16.926 [main] INFO  o.s.jmx.export.annotation.AnnotationMBeanExporter - Bean with name 'refreshScope' has been autodetected for JMX exposure
2018-12-13 14:02:16.928 [main] INFO  o.s.jmx.export.annotation.AnnotationMBeanExporter - Located managed bean 'environmentManager': registering with JMX server as MBean [org.springframework.cloud.context.environment:name=environmentManager,type=EnvironmentManager]
2018-12-13 14:02:16.951 [main] INFO  o.s.jmx.export.annotation.AnnotationMBeanExporter - Located managed bean 'refreshScope': registering with JMX server as MBean [org.springframework.cloud.context.scope.refresh:name=refreshScope,type=RefreshScope]
2018-12-13 14:02:16.974 [main] INFO  o.s.jmx.export.annotation.AnnotationMBeanExporter - Located managed bean 'configurationPropertiesRebinder': registering with JMX server as MBean [org.springframework.cloud.context.properties:name=configurationPropertiesRebinder,context=48cd9a2c,type=ConfigurationPropertiesRebinder]
2018-12-13 14:02:16.996 [main] INFO  o.s.jmx.export.annotation.AnnotationMBeanExporter - Located MBean 'dataSource': registering with JMX server as MBean [com.alibaba.druid.pool:name=dataSource,type=DruidDataSource]
2018-12-13 14:02:17.179 [main] INFO  o.s.context.support.DefaultLifecycleProcessor - Starting beans in phase 0
2018-12-13 14:02:17.205 [main] INFO  o.s.cloud.netflix.eureka.InstanceInfoFactory - Setting initial instance status as: STARTING
2018-12-13 14:02:17.313 [main] INFO  com.netflix.discovery.DiscoveryClient - Initializing Eureka in region us-east-1
2018-12-13 14:02:17.313 [main] INFO  com.netflix.discovery.DiscoveryClient - Client configured to neither register nor query for data.
2018-12-13 14:02:17.340 [main] INFO  com.netflix.discovery.DiscoveryClient - Discovery Client initialized at timestamp 1544680937339 with initial instances count: 0
2018-12-13 14:02:17.355 [main] INFO  o.s.c.n.e.serviceregistry.EurekaServiceRegistry - Registering application ts-file with eureka with status UP
2018-12-13 14:02:17.377 [main] INFO  org.apache.coyote.http11.Http11NioProtocol - Initializing ProtocolHandler ["http-nio-6765"]
2018-12-13 14:02:17.419 [main] INFO  org.apache.coyote.http11.Http11NioProtocol - Starting ProtocolHandler ["http-nio-6765"]
2018-12-13 14:02:17.476 [main] INFO  org.apache.tomcat.util.net.NioSelectorPool - Using a shared selector for servlet write/read
2018-12-13 14:02:17.527 [main] INFO  o.s.b.c.e.tomcat.TomcatEmbeddedServletContainer - Tomcat started on port(s): 6765 (http)
2018-12-13 14:02:17.533 [main] INFO  o.s.c.n.e.s.EurekaAutoServiceRegistration - Updating port to 6765
2018-12-13 14:02:17.538 [main] INFO  cn.trasen.Application - Started Application in 14.375 seconds (JVM running for 15.93)
2018-12-13 14:15:24.487 [http-nio-6765-exec-10] INFO  o.a.c.c.C.[Tomcat].[localhost].[/ts-file] - Initializing Spring FrameworkServlet 'dispatcherServlet'
2018-12-13 14:15:24.487 [http-nio-6765-exec-10] INFO  org.springframework.web.servlet.DispatcherServlet - FrameworkServlet 'dispatcherServlet': initialization started
2018-12-13 14:15:24.529 [http-nio-6765-exec-10] INFO  org.springframework.web.servlet.DispatcherServlet - FrameworkServlet 'dispatcherServlet': initialization completed in 42 ms
2018-12-13 14:15:24.568 [http-nio-6765-exec-10] INFO  cn.trasen.BootComm.filter.SSOFilter - 校验 login Filter.....
2018-12-13 14:15:24.601 [http-nio-6765-exec-10] INFO  cn.trasen.BootComm.filter.SSOFilter - doFilter request Id:BF0EFC1C173BD49970D045EAB7B2FB87
2018-12-13 14:15:24.601 [http-nio-6765-exec-10] INFO  cn.trasen.BootComm.filter.SSOFilter - 服务请求地址：http://localhost:6765/ts-file/hello token:null
2018-12-13 14:15:24.602 [http-nio-6765-exec-10] INFO  cn.trasen.BootComm.filter.SSOFilter - Cookie中的 sessionId:null
2018-12-13 14:15:24.857 [http-nio-6765-exec-10] INFO  cn.trasen.BootComm.filter.SSOFilter - body:{"msg":"token已失效，请重新登录！","code":"-1"}
2018-12-13 14:15:24.963 [http-nio-6765-exec-10] INFO  cn.trasen.BootComm.filter.SSOFilter - isAjaxReq: false
2018-12-13 14:15:24.963 [http-nio-6765-exec-10] INFO  cn.trasen.BootComm.filter.SSOFilter - http://39.104.149.133:8080/page/login?returnURL=http%3A%2F%2Flocalhost%3A6765%2Fts-file%2Fhello
2018-12-13 14:15:33.151 [http-nio-6765-exec-9] INFO  cn.trasen.BootComm.filter.SSOFilter - 校验 login Filter.....
2018-12-13 14:15:33.151 [http-nio-6765-exec-9] INFO  cn.trasen.BootComm.filter.SSOFilter - doFilter request Id:BF0EFC1C173BD49970D045EAB7B2FB87
2018-12-13 14:15:33.151 [http-nio-6765-exec-9] INFO  cn.trasen.BootComm.filter.SSOFilter - 服务请求地址：http://localhost:6765/ts-file/hello token:null
2018-12-13 14:15:33.151 [http-nio-6765-exec-9] INFO  cn.trasen.BootComm.filter.SSOFilter - Cookie中的 sessionId:null
2018-12-13 14:15:33.244 [http-nio-6765-exec-9] INFO  cn.trasen.BootComm.filter.SSOFilter - body:{"msg":"token已失效，请重新登录！","code":"-1"}
2018-12-13 14:15:33.248 [http-nio-6765-exec-9] INFO  cn.trasen.BootComm.filter.SSOFilter - isAjaxReq: false
2018-12-13 14:15:33.248 [http-nio-6765-exec-9] INFO  cn.trasen.BootComm.filter.SSOFilter - http://39.104.149.133:8080/page/login?returnURL=http%3A%2F%2Flocalhost%3A6765%2Fts-file%2Fhello
2018-12-13 14:15:38.401 [http-nio-6765-exec-7] INFO  cn.trasen.BootComm.filter.SSOFilter - 校验 login Filter.....
2018-12-13 14:15:38.401 [http-nio-6765-exec-7] INFO  cn.trasen.BootComm.filter.SSOFilter - doFilter request Id:BF0EFC1C173BD49970D045EAB7B2FB87
2018-12-13 14:15:38.401 [http-nio-6765-exec-7] INFO  cn.trasen.BootComm.filter.SSOFilter - 服务请求地址：http://localhost:6765/ts-file/hello token:7abc0fe2-b5df-4b16-8991-976672d72de9
2018-12-13 14:15:38.402 [http-nio-6765-exec-7] INFO  cn.trasen.BootComm.filter.SSOFilter - Cookie中的 sessionId:7abc0fe2-b5df-4b16-8991-976672d72de9
2018-12-13 14:15:38.498 [http-nio-6765-exec-7] INFO  cn.trasen.BootComm.filter.SSOFilter - body:{"msg":"认证成功","uid":{"id":"admin","corpcode":"TS-JT","usercode":"admin","oldusercode":"admin","username":"系统管理员","deptcode":"TS-JT","pdcode":"","pdName":"运营部","deptname":"创星集团","password":"1000:ed0e1e996f7da9bacc715fa500f9aa7a:e246720da81a3bf8b7087a75ca4dd5d7","oldpassword":"0192023a7bbd73250516f069df18b500","status":1,"logintime":"2018-12-13 14:14:58","logouttime":null,"activetime":-2209017600000,"remarkid":"","loginip":"110.53.163.149","emailaccount":"","emailpassword":"","emailaddress":"","emailpop3":"","emailsmtp":"","emailsubject":"","agentcode":"","agentstartdatetime":"1900-01-01 00:00:00","agentenddatetime":"1900-01-01 00:00:00","wxcode":null,"hrcode":"1","mobileNo":"18977777777","autoexittime":1440,"logins":null,"appuser":"","apptime":"1900-01-01 00:00:00","updateuser":"","updatetime":"1900-01-01 00:00:00","dleader":"T002;","dutyCode":"系统管理员","sessionid":"30827165-361d-4374-b67f-59f1b143ac43","usericon":null,"token":"30827165-361d-4374-b67f-59f1b143ac43","wxuserid":null,"wxdepartment":null,"sex":"0","orgRang":"('TS-JT')","corpList":"('TS-HNCX')","sysRoleCode":"ADMIN,SYS_ROLE_EM","hospCode":"TS-HNCX","hospName":"湖南创星科技股份有限公司","corpName":"创星集团","deptList":""},"code":"0"}
2018-12-13 14:15:38.723 [http-nio-6765-exec-7] INFO  cn.trasen.BootComm.filter.SSOFilter - userInfo 相关信息：系统管理员 usercode:admin
2018-12-13 14:15:52.239 [http-nio-6765-exec-4] INFO  cn.trasen.BootComm.filter.SSOFilter - 校验 login Filter.....
2018-12-13 14:15:52.239 [http-nio-6765-exec-4] INFO  cn.trasen.BootComm.filter.SSOFilter - doFilter request Id:BF0EFC1C173BD49970D045EAB7B2FB87
2018-12-13 14:15:52.239 [http-nio-6765-exec-4] INFO  cn.trasen.BootComm.filter.SSOFilter - 服务请求地址：http://localhost:6765/ts-file/hdfs/uploadFile/test/1 token:null
2018-12-13 14:15:52.239 [http-nio-6765-exec-4] INFO  cn.trasen.BootComm.filter.SSOFilter - Cookie中的 sessionId:7abc0fe2-b5df-4b16-8991-976672d72de9
2018-12-13 14:15:52.331 [http-nio-6765-exec-4] INFO  cn.trasen.BootComm.filter.SSOFilter - body:{"msg":"认证成功","uid":{"id":"admin","corpcode":"TS-JT","usercode":"admin","oldusercode":"admin","username":"系统管理员","deptcode":"TS-JT","pdcode":"","pdName":"运营部","deptname":"创星集团","password":"1000:ed0e1e996f7da9bacc715fa500f9aa7a:e246720da81a3bf8b7087a75ca4dd5d7","oldpassword":"0192023a7bbd73250516f069df18b500","status":1,"logintime":"2018-12-13 14:15:36","logouttime":null,"activetime":-2209017600000,"remarkid":"","loginip":"110.53.163.149","emailaccount":"","emailpassword":"","emailaddress":"","emailpop3":"","emailsmtp":"","emailsubject":"","agentcode":"","agentstartdatetime":"1900-01-01 00:00:00","agentenddatetime":"1900-01-01 00:00:00","wxcode":null,"hrcode":"1","mobileNo":"18977777777","autoexittime":1440,"logins":null,"appuser":"","apptime":"1900-01-01 00:00:00","updateuser":"","updatetime":"1900-01-01 00:00:00","dleader":"T002;","dutyCode":"系统管理员","sessionid":"7abc0fe2-b5df-4b16-8991-976672d72de9","usericon":null,"token":"7abc0fe2-b5df-4b16-8991-976672d72de9","wxuserid":null,"wxdepartment":null,"sex":"0","orgRang":"('TS-JT')","corpList":"('TS-HNCX')","sysRoleCode":"ADMIN,SYS_ROLE_EM","hospCode":"TS-HNCX","hospName":"湖南创星科技股份有限公司","corpName":"创星集团","deptList":""},"code":"0"}
2018-12-13 14:15:52.334 [http-nio-6765-exec-4] INFO  cn.trasen.BootComm.filter.SSOFilter - userInfo 相关信息：系统管理员 usercode:admin
2018-12-13 14:16:05.151 [http-nio-6765-exec-4] DEBUG o.apache.hadoop.metrics2.lib.MutableMetricsFactory - field org.apache.hadoop.metrics2.lib.MutableRate org.apache.hadoop.security.UserGroupInformation$UgiMetrics.loginSuccess with annotation @org.apache.hadoop.metrics2.annotation.Metric(always=false, about=, sampleName=Ops, type=DEFAULT, value=[Rate of successful kerberos logins and latency (milliseconds)], valueName=Time)
2018-12-13 14:16:05.302 [http-nio-6765-exec-4] DEBUG o.apache.hadoop.metrics2.lib.MutableMetricsFactory - field org.apache.hadoop.metrics2.lib.MutableRate org.apache.hadoop.security.UserGroupInformation$UgiMetrics.loginFailure with annotation @org.apache.hadoop.metrics2.annotation.Metric(always=false, about=, sampleName=Ops, type=DEFAULT, value=[Rate of failed kerberos logins and latency (milliseconds)], valueName=Time)
2018-12-13 14:16:05.314 [http-nio-6765-exec-4] DEBUG o.apache.hadoop.metrics2.lib.MutableMetricsFactory - field org.apache.hadoop.metrics2.lib.MutableRate org.apache.hadoop.security.UserGroupInformation$UgiMetrics.getGroups with annotation @org.apache.hadoop.metrics2.annotation.Metric(always=false, about=, sampleName=Ops, type=DEFAULT, value=[GetGroups], valueName=Time)
2018-12-13 14:16:05.327 [http-nio-6765-exec-4] DEBUG o.apache.hadoop.metrics2.lib.MutableMetricsFactory - field private org.apache.hadoop.metrics2.lib.MutableGaugeLong org.apache.hadoop.security.UserGroupInformation$UgiMetrics.renewalFailuresTotal with annotation @org.apache.hadoop.metrics2.annotation.Metric(always=false, about=, sampleName=Ops, type=DEFAULT, value=[Renewal failures since startup], valueName=Time)
2018-12-13 14:16:05.336 [http-nio-6765-exec-4] DEBUG o.apache.hadoop.metrics2.lib.MutableMetricsFactory - field private org.apache.hadoop.metrics2.lib.MutableGaugeInt org.apache.hadoop.security.UserGroupInformation$UgiMetrics.renewalFailures with annotation @org.apache.hadoop.metrics2.annotation.Metric(always=false, about=, sampleName=Ops, type=DEFAULT, value=[Renewal failures since last successful login], valueName=Time)
2018-12-13 14:16:05.379 [http-nio-6765-exec-4] DEBUG org.apache.hadoop.metrics2.impl.MetricsSystemImpl - UgiMetrics, User and group related metrics
2018-12-13 14:16:05.762 [http-nio-6765-exec-4] DEBUG o.a.h.security.authentication.util.KerberosName - Kerberos krb5 configuration not found, setting default realm to empty
2018-12-13 14:16:05.794 [http-nio-6765-exec-4] DEBUG org.apache.hadoop.security.UserGroupInformation - PrivilegedAction as:hadoop (auth:SIMPLE) from:org.apache.hadoop.fs.FileSystem.get(FileSystem.java:168)
2018-12-13 14:16:05.997 [http-nio-6765-exec-4] DEBUG org.apache.hadoop.util.Shell - Failed to detect a valid hadoop home directory
java.io.FileNotFoundException: HADOOP_HOME and hadoop.home.dir are unset.
	at org.apache.hadoop.util.Shell.checkHadoopHomeInner(Shell.java:448)
	at org.apache.hadoop.util.Shell.checkHadoopHome(Shell.java:419)
	at org.apache.hadoop.util.Shell.<clinit>(Shell.java:496)
	at org.apache.hadoop.util.StringUtils.<clinit>(StringUtils.java:79)
	at org.apache.hadoop.fs.FileSystem$Cache$Key.<init>(FileSystem.java:2972)
	at org.apache.hadoop.fs.FileSystem$Cache$Key.<init>(FileSystem.java:2968)
	at org.apache.hadoop.fs.FileSystem$Cache.get(FileSystem.java:2830)
	at org.apache.hadoop.fs.FileSystem.get(FileSystem.java:389)
	at org.apache.hadoop.fs.FileSystem$1.run(FileSystem.java:171)
	at org.apache.hadoop.fs.FileSystem$1.run(FileSystem.java:168)
	at java.security.AccessController.doPrivileged(Native Method)
	at javax.security.auth.Subject.doAs(Subject.java:422)
	at org.apache.hadoop.security.UserGroupInformation.doAs(UserGroupInformation.java:1836)
	at org.apache.hadoop.fs.FileSystem.get(FileSystem.java:168)
	at cn.trasen.tsfile.utils.HdfsUtils.getFileSystem(HdfsUtils.java:52)
	at cn.trasen.tsfile.utils.HdfsUtils.uploadFile(HdfsUtils.java:100)
	at cn.trasen.tsfile.utils.HdfsUtils$$FastClassBySpringCGLIB$$ffe2624a.invoke(<generated>)
	at org.springframework.cglib.proxy.MethodProxy.invoke(MethodProxy.java:204)
	at org.springframework.aop.framework.CglibAopProxy$CglibMethodInvocation.invokeJoinpoint(CglibAopProxy.java:738)
	at org.springframework.aop.framework.ReflectiveMethodInvocation.proceed(ReflectiveMethodInvocation.java:157)
	at com.alibaba.druid.support.spring.stat.DruidStatInterceptor.invoke(DruidStatInterceptor.java:72)
	at org.springframework.aop.framework.ReflectiveMethodInvocation.proceed(ReflectiveMethodInvocation.java:179)
	at org.springframework.aop.framework.CglibAopProxy$DynamicAdvisedInterceptor.intercept(CglibAopProxy.java:673)
	at cn.trasen.tsfile.utils.HdfsUtils$$EnhancerBySpringCGLIB$$6ae7891.uploadFile(<generated>)
	at cn.trasen.tsfile.controller.HdfsController.UploadFile(HdfsController.java:21)
	at cn.trasen.tsfile.controller.HdfsController$$FastClassBySpringCGLIB$$f8f72136.invoke(<generated>)
	at org.springframework.cglib.proxy.MethodProxy.invoke(MethodProxy.java:204)
	at org.springframework.aop.framework.CglibAopProxy$CglibMethodInvocation.invokeJoinpoint(CglibAopProxy.java:738)
	at org.springframework.aop.framework.ReflectiveMethodInvocation.proceed(ReflectiveMethodInvocation.java:157)
	at com.alibaba.druid.support.spring.stat.DruidStatInterceptor.invoke(DruidStatInterceptor.java:72)
	at org.springframework.aop.framework.ReflectiveMethodInvocation.proceed(ReflectiveMethodInvocation.java:179)
	at org.springframework.aop.framework.CglibAopProxy$DynamicAdvisedInterceptor.intercept(CglibAopProxy.java:673)
	at cn.trasen.tsfile.controller.HdfsController$$EnhancerBySpringCGLIB$$c13568d5.UploadFile(<generated>)
	at sun.reflect.NativeMethodAccessorImpl.invoke0(Native Method)
	at sun.reflect.NativeMethodAccessorImpl.invoke(NativeMethodAccessorImpl.java:62)
	at sun.reflect.DelegatingMethodAccessorImpl.invoke(DelegatingMethodAccessorImpl.java:43)
	at java.lang.reflect.Method.invoke(Method.java:498)
	at org.springframework.web.method.support.InvocableHandlerMethod.doInvoke(InvocableHandlerMethod.java:205)
	at org.springframework.web.method.support.InvocableHandlerMethod.invokeForRequest(InvocableHandlerMethod.java:133)
	at org.springframework.web.servlet.mvc.method.annotation.ServletInvocableHandlerMethod.invokeAndHandle(ServletInvocableHandlerMethod.java:97)
	at org.springframework.web.servlet.mvc.method.annotation.RequestMappingHandlerAdapter.invokeHandlerMethod(RequestMappingHandlerAdapter.java:827)
	at org.springframework.web.servlet.mvc.method.annotation.RequestMappingHandlerAdapter.handleInternal(RequestMappingHandlerAdapter.java:738)
	at org.springframework.web.servlet.mvc.method.AbstractHandlerMethodAdapter.handle(AbstractHandlerMethodAdapter.java:85)
	at org.springframework.web.servlet.DispatcherServlet.doDispatch(DispatcherServlet.java:967)
	at org.springframework.web.servlet.DispatcherServlet.doService(DispatcherServlet.java:901)
	at org.springframework.web.servlet.FrameworkServlet.processRequest(FrameworkServlet.java:970)
	at org.springframework.web.servlet.FrameworkServlet.doGet(FrameworkServlet.java:861)
	at javax.servlet.http.HttpServlet.service(HttpServlet.java:635)
	at org.springframework.web.servlet.FrameworkServlet.service(FrameworkServlet.java:846)
	at javax.servlet.http.HttpServlet.service(HttpServlet.java:742)
	at org.apache.catalina.core.ApplicationFilterChain.internalDoFilter(ApplicationFilterChain.java:231)
	at org.apache.catalina.core.ApplicationFilterChain.doFilter(ApplicationFilterChain.java:166)
	at org.apache.tomcat.websocket.server.WsFilter.doFilter(WsFilter.java:52)
	at org.apache.catalina.core.ApplicationFilterChain.internalDoFilter(ApplicationFilterChain.java:193)
	at org.apache.catalina.core.ApplicationFilterChain.doFilter(ApplicationFilterChain.java:166)
	at org.springframework.web.filter.CorsFilter.doFilterInternal(CorsFilter.java:96)
	at org.springframework.web.filter.OncePerRequestFilter.doFilter(OncePerRequestFilter.java:107)
	at org.apache.catalina.core.ApplicationFilterChain.internalDoFilter(ApplicationFilterChain.java:193)
	at org.apache.catalina.core.ApplicationFilterChain.doFilter(ApplicationFilterChain.java:166)
	at cn.trasen.BootComm.filter.SSOFilter.doFilter(SSOFilter.java:199)
	at cn.trasen.BootComm.filter.SSOFilter$$FastClassBySpringCGLIB$$4fe38d4f.invoke(<generated>)
	at org.springframework.cglib.proxy.MethodProxy.invoke(MethodProxy.java:204)
	at org.springframework.aop.framework.CglibAopProxy$CglibMethodInvocation.invokeJoinpoint(CglibAopProxy.java:738)
	at org.springframework.aop.framework.ReflectiveMethodInvocation.proceed(ReflectiveMethodInvocation.java:157)
	at com.alibaba.druid.support.spring.stat.DruidStatInterceptor.invoke(DruidStatInterceptor.java:72)
	at org.springframework.aop.framework.ReflectiveMethodInvocation.proceed(ReflectiveMethodInvocation.java:179)
	at org.springframework.aop.framework.CglibAopProxy$DynamicAdvisedInterceptor.intercept(CglibAopProxy.java:673)
	at cn.trasen.tsfile.filter.LoginFilter$$EnhancerBySpringCGLIB$$68708dea.doFilter(<generated>)
	at org.apache.catalina.core.ApplicationFilterChain.internalDoFilter(ApplicationFilterChain.java:193)
	at org.apache.catalina.core.ApplicationFilterChain.doFilter(ApplicationFilterChain.java:166)
	at com.alibaba.druid.support.http.WebStatFilter.doFilter(WebStatFilter.java:123)
	at org.apache.catalina.core.ApplicationFilterChain.internalDoFilter(ApplicationFilterChain.java:193)
	at org.apache.catalina.core.ApplicationFilterChain.doFilter(ApplicationFilterChain.java:166)
	at org.springframework.web.filter.RequestContextFilter.doFilterInternal(RequestContextFilter.java:99)
	at org.springframework.web.filter.OncePerRequestFilter.doFilter(OncePerRequestFilter.java:107)
	at org.apache.catalina.core.ApplicationFilterChain.internalDoFilter(ApplicationFilterChain.java:193)
	at org.apache.catalina.core.ApplicationFilterChain.doFilter(ApplicationFilterChain.java:166)
	at org.springframework.web.filter.HttpPutFormContentFilter.doFilterInternal(HttpPutFormContentFilter.java:108)
	at org.springframework.web.filter.OncePerRequestFilter.doFilter(OncePerRequestFilter.java:107)
	at org.apache.catalina.core.ApplicationFilterChain.internalDoFilter(ApplicationFilterChain.java:193)
	at org.apache.catalina.core.ApplicationFilterChain.doFilter(ApplicationFilterChain.java:166)
	at org.springframework.web.filter.HiddenHttpMethodFilter.doFilterInternal(HiddenHttpMethodFilter.java:81)
	at org.springframework.web.filter.OncePerRequestFilter.doFilter(OncePerRequestFilter.java:107)
	at org.apache.catalina.core.ApplicationFilterChain.internalDoFilter(ApplicationFilterChain.java:193)
	at org.apache.catalina.core.ApplicationFilterChain.doFilter(ApplicationFilterChain.java:166)
	at org.springframework.web.filter.CharacterEncodingFilter.doFilterInternal(CharacterEncodingFilter.java:197)
	at org.springframework.web.filter.OncePerRequestFilter.doFilter(OncePerRequestFilter.java:107)
	at org.apache.catalina.core.ApplicationFilterChain.internalDoFilter(ApplicationFilterChain.java:193)
	at org.apache.catalina.core.ApplicationFilterChain.doFilter(ApplicationFilterChain.java:166)
	at org.apache.catalina.core.StandardWrapperValve.invoke(StandardWrapperValve.java:199)
	at org.apache.catalina.core.StandardContextValve.invoke(StandardContextValve.java:96)
	at org.apache.catalina.authenticator.AuthenticatorBase.invoke(AuthenticatorBase.java:504)
	at org.apache.catalina.core.StandardHostValve.invoke(StandardHostValve.java:140)
	at org.apache.catalina.valves.ErrorReportValve.invoke(ErrorReportValve.java:81)
	at org.apache.catalina.core.StandardEngineValve.invoke(StandardEngineValve.java:87)
	at org.apache.catalina.connector.CoyoteAdapter.service(CoyoteAdapter.java:342)
	at org.apache.coyote.http11.Http11Processor.service(Http11Processor.java:803)
	at org.apache.coyote.AbstractProcessorLight.process(AbstractProcessorLight.java:66)
	at org.apache.coyote.AbstractProtocol$ConnectionHandler.process(AbstractProtocol.java:790)
	at org.apache.tomcat.util.net.NioEndpoint$SocketProcessor.doRun(NioEndpoint.java:1459)
	at org.apache.tomcat.util.net.SocketProcessorBase.run(SocketProcessorBase.java:49)
	at java.util.concurrent.ThreadPoolExecutor.runWorker(ThreadPoolExecutor.java:1149)
	at java.util.concurrent.ThreadPoolExecutor$Worker.run(ThreadPoolExecutor.java:624)
	at org.apache.tomcat.util.threads.TaskThread$WrappingRunnable.run(TaskThread.java:61)
	at java.lang.Thread.run(Thread.java:748)
2018-12-13 14:16:06.077 [http-nio-6765-exec-4] WARN  org.apache.hadoop.util.Shell - Did not find winutils.exe: {}
java.io.FileNotFoundException: java.io.FileNotFoundException: HADOOP_HOME and hadoop.home.dir are unset. -see https://wiki.apache.org/hadoop/WindowsProblems
	at org.apache.hadoop.util.Shell.fileNotFoundException(Shell.java:528)
	at org.apache.hadoop.util.Shell.getHadoopHomeDir(Shell.java:549)
	at org.apache.hadoop.util.Shell.getQualifiedBin(Shell.java:572)
	at org.apache.hadoop.util.Shell.<clinit>(Shell.java:669)
	at org.apache.hadoop.util.StringUtils.<clinit>(StringUtils.java:79)
	at org.apache.hadoop.fs.FileSystem$Cache$Key.<init>(FileSystem.java:2972)
	at org.apache.hadoop.fs.FileSystem$Cache$Key.<init>(FileSystem.java:2968)
	at org.apache.hadoop.fs.FileSystem$Cache.get(FileSystem.java:2830)
	at org.apache.hadoop.fs.FileSystem.get(FileSystem.java:389)
	at org.apache.hadoop.fs.FileSystem$1.run(FileSystem.java:171)
	at org.apache.hadoop.fs.FileSystem$1.run(FileSystem.java:168)
	at java.security.AccessController.doPrivileged(Native Method)
	at javax.security.auth.Subject.doAs(Subject.java:422)
	at org.apache.hadoop.security.UserGroupInformation.doAs(UserGroupInformation.java:1836)
	at org.apache.hadoop.fs.FileSystem.get(FileSystem.java:168)
	at cn.trasen.tsfile.utils.HdfsUtils.getFileSystem(HdfsUtils.java:52)
	at cn.trasen.tsfile.utils.HdfsUtils.uploadFile(HdfsUtils.java:100)
	at cn.trasen.tsfile.utils.HdfsUtils$$FastClassBySpringCGLIB$$ffe2624a.invoke(<generated>)
	at org.springframework.cglib.proxy.MethodProxy.invoke(MethodProxy.java:204)
	at org.springframework.aop.framework.CglibAopProxy$CglibMethodInvocation.invokeJoinpoint(CglibAopProxy.java:738)
	at org.springframework.aop.framework.ReflectiveMethodInvocation.proceed(ReflectiveMethodInvocation.java:157)
	at com.alibaba.druid.support.spring.stat.DruidStatInterceptor.invoke(DruidStatInterceptor.java:72)
	at org.springframework.aop.framework.ReflectiveMethodInvocation.proceed(ReflectiveMethodInvocation.java:179)
	at org.springframework.aop.framework.CglibAopProxy$DynamicAdvisedInterceptor.intercept(CglibAopProxy.java:673)
	at cn.trasen.tsfile.utils.HdfsUtils$$EnhancerBySpringCGLIB$$6ae7891.uploadFile(<generated>)
	at cn.trasen.tsfile.controller.HdfsController.UploadFile(HdfsController.java:21)
	at cn.trasen.tsfile.controller.HdfsController$$FastClassBySpringCGLIB$$f8f72136.invoke(<generated>)
	at org.springframework.cglib.proxy.MethodProxy.invoke(MethodProxy.java:204)
	at org.springframework.aop.framework.CglibAopProxy$CglibMethodInvocation.invokeJoinpoint(CglibAopProxy.java:738)
	at org.springframework.aop.framework.ReflectiveMethodInvocation.proceed(ReflectiveMethodInvocation.java:157)
	at com.alibaba.druid.support.spring.stat.DruidStatInterceptor.invoke(DruidStatInterceptor.java:72)
	at org.springframework.aop.framework.ReflectiveMethodInvocation.proceed(ReflectiveMethodInvocation.java:179)
	at org.springframework.aop.framework.CglibAopProxy$DynamicAdvisedInterceptor.intercept(CglibAopProxy.java:673)
	at cn.trasen.tsfile.controller.HdfsController$$EnhancerBySpringCGLIB$$c13568d5.UploadFile(<generated>)
	at sun.reflect.NativeMethodAccessorImpl.invoke0(Native Method)
	at sun.reflect.NativeMethodAccessorImpl.invoke(NativeMethodAccessorImpl.java:62)
	at sun.reflect.DelegatingMethodAccessorImpl.invoke(DelegatingMethodAccessorImpl.java:43)
	at java.lang.reflect.Method.invoke(Method.java:498)
	at org.springframework.web.method.support.InvocableHandlerMethod.doInvoke(InvocableHandlerMethod.java:205)
	at org.springframework.web.method.support.InvocableHandlerMethod.invokeForRequest(InvocableHandlerMethod.java:133)
	at org.springframework.web.servlet.mvc.method.annotation.ServletInvocableHandlerMethod.invokeAndHandle(ServletInvocableHandlerMethod.java:97)
	at org.springframework.web.servlet.mvc.method.annotation.RequestMappingHandlerAdapter.invokeHandlerMethod(RequestMappingHandlerAdapter.java:827)
	at org.springframework.web.servlet.mvc.method.annotation.RequestMappingHandlerAdapter.handleInternal(RequestMappingHandlerAdapter.java:738)
	at org.springframework.web.servlet.mvc.method.AbstractHandlerMethodAdapter.handle(AbstractHandlerMethodAdapter.java:85)
	at org.springframework.web.servlet.DispatcherServlet.doDispatch(DispatcherServlet.java:967)
	at org.springframework.web.servlet.DispatcherServlet.doService(DispatcherServlet.java:901)
	at org.springframework.web.servlet.FrameworkServlet.processRequest(FrameworkServlet.java:970)
	at org.springframework.web.servlet.FrameworkServlet.doGet(FrameworkServlet.java:861)
	at javax.servlet.http.HttpServlet.service(HttpServlet.java:635)
	at org.springframework.web.servlet.FrameworkServlet.service(FrameworkServlet.java:846)
	at javax.servlet.http.HttpServlet.service(HttpServlet.java:742)
	at org.apache.catalina.core.ApplicationFilterChain.internalDoFilter(ApplicationFilterChain.java:231)
	at org.apache.catalina.core.ApplicationFilterChain.doFilter(ApplicationFilterChain.java:166)
	at org.apache.tomcat.websocket.server.WsFilter.doFilter(WsFilter.java:52)
	at org.apache.catalina.core.ApplicationFilterChain.internalDoFilter(ApplicationFilterChain.java:193)
	at org.apache.catalina.core.ApplicationFilterChain.doFilter(ApplicationFilterChain.java:166)
	at org.springframework.web.filter.CorsFilter.doFilterInternal(CorsFilter.java:96)
	at org.springframework.web.filter.OncePerRequestFilter.doFilter(OncePerRequestFilter.java:107)
	at org.apache.catalina.core.ApplicationFilterChain.internalDoFilter(ApplicationFilterChain.java:193)
	at org.apache.catalina.core.ApplicationFilterChain.doFilter(ApplicationFilterChain.java:166)
	at cn.trasen.BootComm.filter.SSOFilter.doFilter(SSOFilter.java:199)
	at cn.trasen.BootComm.filter.SSOFilter$$FastClassBySpringCGLIB$$4fe38d4f.invoke(<generated>)
	at org.springframework.cglib.proxy.MethodProxy.invoke(MethodProxy.java:204)
	at org.springframework.aop.framework.CglibAopProxy$CglibMethodInvocation.invokeJoinpoint(CglibAopProxy.java:738)
	at org.springframework.aop.framework.ReflectiveMethodInvocation.proceed(ReflectiveMethodInvocation.java:157)
	at com.alibaba.druid.support.spring.stat.DruidStatInterceptor.invoke(DruidStatInterceptor.java:72)
	at org.springframework.aop.framework.ReflectiveMethodInvocation.proceed(ReflectiveMethodInvocation.java:179)
	at org.springframework.aop.framework.CglibAopProxy$DynamicAdvisedInterceptor.intercept(CglibAopProxy.java:673)
	at cn.trasen.tsfile.filter.LoginFilter$$EnhancerBySpringCGLIB$$68708dea.doFilter(<generated>)
	at org.apache.catalina.core.ApplicationFilterChain.internalDoFilter(ApplicationFilterChain.java:193)
	at org.apache.catalina.core.ApplicationFilterChain.doFilter(ApplicationFilterChain.java:166)
	at com.alibaba.druid.support.http.WebStatFilter.doFilter(WebStatFilter.java:123)
	at org.apache.catalina.core.ApplicationFilterChain.internalDoFilter(ApplicationFilterChain.java:193)
	at org.apache.catalina.core.ApplicationFilterChain.doFilter(ApplicationFilterChain.java:166)
	at org.springframework.web.filter.RequestContextFilter.doFilterInternal(RequestContextFilter.java:99)
	at org.springframework.web.filter.OncePerRequestFilter.doFilter(OncePerRequestFilter.java:107)
	at org.apache.catalina.core.ApplicationFilterChain.internalDoFilter(ApplicationFilterChain.java:193)
	at org.apache.catalina.core.ApplicationFilterChain.doFilter(ApplicationFilterChain.java:166)
	at org.springframework.web.filter.HttpPutFormContentFilter.doFilterInternal(HttpPutFormContentFilter.java:108)
	at org.springframework.web.filter.OncePerRequestFilter.doFilter(OncePerRequestFilter.java:107)
	at org.apache.catalina.core.ApplicationFilterChain.internalDoFilter(ApplicationFilterChain.java:193)
	at org.apache.catalina.core.ApplicationFilterChain.doFilter(ApplicationFilterChain.java:166)
	at org.springframework.web.filter.HiddenHttpMethodFilter.doFilterInternal(HiddenHttpMethodFilter.java:81)
	at org.springframework.web.filter.OncePerRequestFilter.doFilter(OncePerRequestFilter.java:107)
	at org.apache.catalina.core.ApplicationFilterChain.internalDoFilter(ApplicationFilterChain.java:193)
	at org.apache.catalina.core.ApplicationFilterChain.doFilter(ApplicationFilterChain.java:166)
	at org.springframework.web.filter.CharacterEncodingFilter.doFilterInternal(CharacterEncodingFilter.java:197)
	at org.springframework.web.filter.OncePerRequestFilter.doFilter(OncePerRequestFilter.java:107)
	at org.apache.catalina.core.ApplicationFilterChain.internalDoFilter(ApplicationFilterChain.java:193)
	at org.apache.catalina.core.ApplicationFilterChain.doFilter(ApplicationFilterChain.java:166)
	at org.apache.catalina.core.StandardWrapperValve.invoke(StandardWrapperValve.java:199)
	at org.apache.catalina.core.StandardContextValve.invoke(StandardContextValve.java:96)
	at org.apache.catalina.authenticator.AuthenticatorBase.invoke(AuthenticatorBase.java:504)
	at org.apache.catalina.core.StandardHostValve.invoke(StandardHostValve.java:140)
	at org.apache.catalina.valves.ErrorReportValve.invoke(ErrorReportValve.java:81)
	at org.apache.catalina.core.StandardEngineValve.invoke(StandardEngineValve.java:87)
	at org.apache.catalina.connector.CoyoteAdapter.service(CoyoteAdapter.java:342)
	at org.apache.coyote.http11.Http11Processor.service(Http11Processor.java:803)
	at org.apache.coyote.AbstractProcessorLight.process(AbstractProcessorLight.java:66)
	at org.apache.coyote.AbstractProtocol$ConnectionHandler.process(AbstractProtocol.java:790)
	at org.apache.tomcat.util.net.NioEndpoint$SocketProcessor.doRun(NioEndpoint.java:1459)
	at org.apache.tomcat.util.net.SocketProcessorBase.run(SocketProcessorBase.java:49)
	at java.util.concurrent.ThreadPoolExecutor.runWorker(ThreadPoolExecutor.java:1149)
	at java.util.concurrent.ThreadPoolExecutor$Worker.run(ThreadPoolExecutor.java:624)
	at org.apache.tomcat.util.threads.TaskThread$WrappingRunnable.run(TaskThread.java:61)
	at java.lang.Thread.run(Thread.java:748)
Caused by: java.io.FileNotFoundException: HADOOP_HOME and hadoop.home.dir are unset.
	at org.apache.hadoop.util.Shell.checkHadoopHomeInner(Shell.java:448)
	at org.apache.hadoop.util.Shell.checkHadoopHome(Shell.java:419)
	at org.apache.hadoop.util.Shell.<clinit>(Shell.java:496)
	... 102 common frames omitted
2018-12-13 14:16:06.158 [http-nio-6765-exec-4] DEBUG org.apache.hadoop.util.Shell - Failed to find winutils.exe
java.io.FileNotFoundException: java.io.FileNotFoundException: HADOOP_HOME and hadoop.home.dir are unset. -see https://wiki.apache.org/hadoop/WindowsProblems
	at org.apache.hadoop.util.Shell.fileNotFoundException(Shell.java:528)
	at org.apache.hadoop.util.Shell.getHadoopHomeDir(Shell.java:549)
	at org.apache.hadoop.util.Shell.getQualifiedBin(Shell.java:572)
	at org.apache.hadoop.util.Shell.<clinit>(Shell.java:669)
	at org.apache.hadoop.util.StringUtils.<clinit>(StringUtils.java:79)
	at org.apache.hadoop.fs.FileSystem$Cache$Key.<init>(FileSystem.java:2972)
	at org.apache.hadoop.fs.FileSystem$Cache$Key.<init>(FileSystem.java:2968)
	at org.apache.hadoop.fs.FileSystem$Cache.get(FileSystem.java:2830)
	at org.apache.hadoop.fs.FileSystem.get(FileSystem.java:389)
	at org.apache.hadoop.fs.FileSystem$1.run(FileSystem.java:171)
	at org.apache.hadoop.fs.FileSystem$1.run(FileSystem.java:168)
	at java.security.AccessController.doPrivileged(Native Method)
	at javax.security.auth.Subject.doAs(Subject.java:422)
	at org.apache.hadoop.security.UserGroupInformation.doAs(UserGroupInformation.java:1836)
	at org.apache.hadoop.fs.FileSystem.get(FileSystem.java:168)
	at cn.trasen.tsfile.utils.HdfsUtils.getFileSystem(HdfsUtils.java:52)
	at cn.trasen.tsfile.utils.HdfsUtils.uploadFile(HdfsUtils.java:100)
	at cn.trasen.tsfile.utils.HdfsUtils$$FastClassBySpringCGLIB$$ffe2624a.invoke(<generated>)
	at org.springframework.cglib.proxy.MethodProxy.invoke(MethodProxy.java:204)
	at org.springframework.aop.framework.CglibAopProxy$CglibMethodInvocation.invokeJoinpoint(CglibAopProxy.java:738)
	at org.springframework.aop.framework.ReflectiveMethodInvocation.proceed(ReflectiveMethodInvocation.java:157)
	at com.alibaba.druid.support.spring.stat.DruidStatInterceptor.invoke(DruidStatInterceptor.java:72)
	at org.springframework.aop.framework.ReflectiveMethodInvocation.proceed(ReflectiveMethodInvocation.java:179)
	at org.springframework.aop.framework.CglibAopProxy$DynamicAdvisedInterceptor.intercept(CglibAopProxy.java:673)
	at cn.trasen.tsfile.utils.HdfsUtils$$EnhancerBySpringCGLIB$$6ae7891.uploadFile(<generated>)
	at cn.trasen.tsfile.controller.HdfsController.UploadFile(HdfsController.java:21)
	at cn.trasen.tsfile.controller.HdfsController$$FastClassBySpringCGLIB$$f8f72136.invoke(<generated>)
	at org.springframework.cglib.proxy.MethodProxy.invoke(MethodProxy.java:204)
	at org.springframework.aop.framework.CglibAopProxy$CglibMethodInvocation.invokeJoinpoint(CglibAopProxy.java:738)
	at org.springframework.aop.framework.ReflectiveMethodInvocation.proceed(ReflectiveMethodInvocation.java:157)
	at com.alibaba.druid.support.spring.stat.DruidStatInterceptor.invoke(DruidStatInterceptor.java:72)
	at org.springframework.aop.framework.ReflectiveMethodInvocation.proceed(ReflectiveMethodInvocation.java:179)
	at org.springframework.aop.framework.CglibAopProxy$DynamicAdvisedInterceptor.intercept(CglibAopProxy.java:673)
	at cn.trasen.tsfile.controller.HdfsController$$EnhancerBySpringCGLIB$$c13568d5.UploadFile(<generated>)
	at sun.reflect.NativeMethodAccessorImpl.invoke0(Native Method)
	at sun.reflect.NativeMethodAccessorImpl.invoke(NativeMethodAccessorImpl.java:62)
	at sun.reflect.DelegatingMethodAccessorImpl.invoke(DelegatingMethodAccessorImpl.java:43)
	at java.lang.reflect.Method.invoke(Method.java:498)
	at org.springframework.web.method.support.InvocableHandlerMethod.doInvoke(InvocableHandlerMethod.java:205)
	at org.springframework.web.method.support.InvocableHandlerMethod.invokeForRequest(InvocableHandlerMethod.java:133)
	at org.springframework.web.servlet.mvc.method.annotation.ServletInvocableHandlerMethod.invokeAndHandle(ServletInvocableHandlerMethod.java:97)
	at org.springframework.web.servlet.mvc.method.annotation.RequestMappingHandlerAdapter.invokeHandlerMethod(RequestMappingHandlerAdapter.java:827)
	at org.springframework.web.servlet.mvc.method.annotation.RequestMappingHandlerAdapter.handleInternal(RequestMappingHandlerAdapter.java:738)
	at org.springframework.web.servlet.mvc.method.AbstractHandlerMethodAdapter.handle(AbstractHandlerMethodAdapter.java:85)
	at org.springframework.web.servlet.DispatcherServlet.doDispatch(DispatcherServlet.java:967)
	at org.springframework.web.servlet.DispatcherServlet.doService(DispatcherServlet.java:901)
	at org.springframework.web.servlet.FrameworkServlet.processRequest(FrameworkServlet.java:970)
	at org.springframework.web.servlet.FrameworkServlet.doGet(FrameworkServlet.java:861)
	at javax.servlet.http.HttpServlet.service(HttpServlet.java:635)
	at org.springframework.web.servlet.FrameworkServlet.service(FrameworkServlet.java:846)
	at javax.servlet.http.HttpServlet.service(HttpServlet.java:742)
	at org.apache.catalina.core.ApplicationFilterChain.internalDoFilter(ApplicationFilterChain.java:231)
	at org.apache.catalina.core.ApplicationFilterChain.doFilter(ApplicationFilterChain.java:166)
	at org.apache.tomcat.websocket.server.WsFilter.doFilter(WsFilter.java:52)
	at org.apache.catalina.core.ApplicationFilterChain.internalDoFilter(ApplicationFilterChain.java:193)
	at org.apache.catalina.core.ApplicationFilterChain.doFilter(ApplicationFilterChain.java:166)
	at org.springframework.web.filter.CorsFilter.doFilterInternal(CorsFilter.java:96)
	at org.springframework.web.filter.OncePerRequestFilter.doFilter(OncePerRequestFilter.java:107)
	at org.apache.catalina.core.ApplicationFilterChain.internalDoFilter(ApplicationFilterChain.java:193)
	at org.apache.catalina.core.ApplicationFilterChain.doFilter(ApplicationFilterChain.java:166)
	at cn.trasen.BootComm.filter.SSOFilter.doFilter(SSOFilter.java:199)
	at cn.trasen.BootComm.filter.SSOFilter$$FastClassBySpringCGLIB$$4fe38d4f.invoke(<generated>)
	at org.springframework.cglib.proxy.MethodProxy.invoke(MethodProxy.java:204)
	at org.springframework.aop.framework.CglibAopProxy$CglibMethodInvocation.invokeJoinpoint(CglibAopProxy.java:738)
	at org.springframework.aop.framework.ReflectiveMethodInvocation.proceed(ReflectiveMethodInvocation.java:157)
	at com.alibaba.druid.support.spring.stat.DruidStatInterceptor.invoke(DruidStatInterceptor.java:72)
	at org.springframework.aop.framework.ReflectiveMethodInvocation.proceed(ReflectiveMethodInvocation.java:179)
	at org.springframework.aop.framework.CglibAopProxy$DynamicAdvisedInterceptor.intercept(CglibAopProxy.java:673)
	at cn.trasen.tsfile.filter.LoginFilter$$EnhancerBySpringCGLIB$$68708dea.doFilter(<generated>)
	at org.apache.catalina.core.ApplicationFilterChain.internalDoFilter(ApplicationFilterChain.java:193)
	at org.apache.catalina.core.ApplicationFilterChain.doFilter(ApplicationFilterChain.java:166)
	at com.alibaba.druid.support.http.WebStatFilter.doFilter(WebStatFilter.java:123)
	at org.apache.catalina.core.ApplicationFilterChain.internalDoFilter(ApplicationFilterChain.java:193)
	at org.apache.catalina.core.ApplicationFilterChain.doFilter(ApplicationFilterChain.java:166)
	at org.springframework.web.filter.RequestContextFilter.doFilterInternal(RequestContextFilter.java:99)
	at org.springframework.web.filter.OncePerRequestFilter.doFilter(OncePerRequestFilter.java:107)
	at org.apache.catalina.core.ApplicationFilterChain.internalDoFilter(ApplicationFilterChain.java:193)
	at org.apache.catalina.core.ApplicationFilterChain.doFilter(ApplicationFilterChain.java:166)
	at org.springframework.web.filter.HttpPutFormContentFilter.doFilterInternal(HttpPutFormContentFilter.java:108)
	at org.springframework.web.filter.OncePerRequestFilter.doFilter(OncePerRequestFilter.java:107)
	at org.apache.catalina.core.ApplicationFilterChain.internalDoFilter(ApplicationFilterChain.java:193)
	at org.apache.catalina.core.ApplicationFilterChain.doFilter(ApplicationFilterChain.java:166)
	at org.springframework.web.filter.HiddenHttpMethodFilter.doFilterInternal(HiddenHttpMethodFilter.java:81)
	at org.springframework.web.filter.OncePerRequestFilter.doFilter(OncePerRequestFilter.java:107)
	at org.apache.catalina.core.ApplicationFilterChain.internalDoFilter(ApplicationFilterChain.java:193)
	at org.apache.catalina.core.ApplicationFilterChain.doFilter(ApplicationFilterChain.java:166)
	at org.springframework.web.filter.CharacterEncodingFilter.doFilterInternal(CharacterEncodingFilter.java:197)
	at org.springframework.web.filter.OncePerRequestFilter.doFilter(OncePerRequestFilter.java:107)
	at org.apache.catalina.core.ApplicationFilterChain.internalDoFilter(ApplicationFilterChain.java:193)
	at org.apache.catalina.core.ApplicationFilterChain.doFilter(ApplicationFilterChain.java:166)
	at org.apache.catalina.core.StandardWrapperValve.invoke(StandardWrapperValve.java:199)
	at org.apache.catalina.core.StandardContextValve.invoke(StandardContextValve.java:96)
	at org.apache.catalina.authenticator.AuthenticatorBase.invoke(AuthenticatorBase.java:504)
	at org.apache.catalina.core.StandardHostValve.invoke(StandardHostValve.java:140)
	at org.apache.catalina.valves.ErrorReportValve.invoke(ErrorReportValve.java:81)
	at org.apache.catalina.core.StandardEngineValve.invoke(StandardEngineValve.java:87)
	at org.apache.catalina.connector.CoyoteAdapter.service(CoyoteAdapter.java:342)
	at org.apache.coyote.http11.Http11Processor.service(Http11Processor.java:803)
	at org.apache.coyote.AbstractProcessorLight.process(AbstractProcessorLight.java:66)
	at org.apache.coyote.AbstractProtocol$ConnectionHandler.process(AbstractProtocol.java:790)
	at org.apache.tomcat.util.net.NioEndpoint$SocketProcessor.doRun(NioEndpoint.java:1459)
	at org.apache.tomcat.util.net.SocketProcessorBase.run(SocketProcessorBase.java:49)
	at java.util.concurrent.ThreadPoolExecutor.runWorker(ThreadPoolExecutor.java:1149)
	at java.util.concurrent.ThreadPoolExecutor$Worker.run(ThreadPoolExecutor.java:624)
	at org.apache.tomcat.util.threads.TaskThread$WrappingRunnable.run(TaskThread.java:61)
	at java.lang.Thread.run(Thread.java:748)
Caused by: java.io.FileNotFoundException: HADOOP_HOME and hadoop.home.dir are unset.
	at org.apache.hadoop.util.Shell.checkHadoopHomeInner(Shell.java:448)
	at org.apache.hadoop.util.Shell.checkHadoopHome(Shell.java:419)
	at org.apache.hadoop.util.Shell.<clinit>(Shell.java:496)
	... 102 common frames omitted
2018-12-13 14:16:07.070 [http-nio-6765-exec-4] DEBUG org.apache.htrace.core.Tracer - sampler.classes = ; loaded no samplers
2018-12-13 14:16:07.175 [http-nio-6765-exec-4] DEBUG org.apache.htrace.core.Tracer - span.receiver.classes = ; loaded no span receivers
2018-12-13 14:16:27.691 [http-nio-6765-exec-4] DEBUG org.apache.hadoop.hdfs.client.impl.DfsClientConf - dfs.client.use.legacy.blockreader.local = false
2018-12-13 14:16:27.696 [http-nio-6765-exec-4] DEBUG org.apache.hadoop.hdfs.client.impl.DfsClientConf - dfs.client.read.shortcircuit = false
2018-12-13 14:16:27.699 [http-nio-6765-exec-4] DEBUG org.apache.hadoop.hdfs.client.impl.DfsClientConf - dfs.client.domain.socket.data.traffic = false
2018-12-13 14:16:27.704 [http-nio-6765-exec-4] DEBUG org.apache.hadoop.hdfs.client.impl.DfsClientConf - dfs.domain.socket.path = 
2018-12-13 14:16:46.543 [http-nio-6765-exec-4] DEBUG org.apache.hadoop.io.retry.RetryUtils - multipleLinearRandomRetry = null
2018-12-13 14:16:53.139 [http-nio-6765-exec-4] DEBUG org.apache.hadoop.security.Groups -  Creating new Groups object
2018-12-13 14:16:53.240 [http-nio-6765-exec-4] DEBUG org.apache.hadoop.util.NativeCodeLoader - Trying to load the custom-built native-hadoop library...
2018-12-13 14:16:53.263 [http-nio-6765-exec-4] DEBUG org.apache.hadoop.util.NativeCodeLoader - Failed to load native-hadoop with error: java.lang.UnsatisfiedLinkError: no hadoop in java.library.path
2018-12-13 14:16:53.268 [http-nio-6765-exec-4] DEBUG org.apache.hadoop.util.NativeCodeLoader - java.library.path=C:\Program Files\Java\jdk1.8.0_161\bin;C:\WINDOWS\Sun\Java\bin;C:\WINDOWS\system32;C:\WINDOWS;C:\Program Files\Java\jdk1.8.0_161\jre\bin;C:/Program Files/Java/jdk1.8.0_161/bin/../jre/bin/server;C:/Program Files/Java/jdk1.8.0_161/bin/../jre/bin;C:/Program Files/Java/jdk1.8.0_161/bin/../jre/lib/amd64;D:\maven\apache-maven-3.5.3\bin;C:\Program Files\Java\jdk1.8.0_161\bin;C:\ProgramData\Oracle\Java\javapath;C:\Program Files (x86)\Intel\iCLS Client\;C:\Program Files\Intel\iCLS Client\;C:\WINDOWS\system32;C:\WINDOWS;C:\WINDOWS\System32\Wbem;C:\WINDOWS\System32\WindowsPowerShell\v1.0\;C:\Program Files (x86)\Intel\Intel(R) Management Engine Components\DAL;C:\Program Files\Intel\Intel(R) Management Engine Components\DAL;C:\Program Files (x86)\Intel\Intel(R) Management Engine Components\IPT;C:\Program Files\Intel\Intel(R) Management Engine Components\IPT;C:\Program Files\TortoiseSVN\bin;D:\soft\UltraEdit;D:\soft\Git\cmd;C:\Program Files\TortoiseGit\bin;C:\Program Files\nodejs\;C:\WINDOWS\System32\OpenSSH\;C:\Program Files\PuTTY\;C:\Program Files (x86)\WinSCP\;C:\Users\ALEE\AppData\Local\Microsoft\WindowsApps;C:\Users\ALEE\AppData\Local\GitHubDesktop\bin;D:\mysql\mysql-5.7.16-winx64\bin;C:\Program Files\nodejs;D:\vscode\Microsoft VS Code\bin;C:\Users\ALEE\AppData\Roaming\npm;;%USERPROFILE%\AppData\Local\Microsoft\WindowsApps;D:\soft\devlop\jee-oxygen\eclipse;;.
2018-12-13 14:16:53.272 [http-nio-6765-exec-4] WARN  org.apache.hadoop.util.NativeCodeLoader - Unable to load native-hadoop library for your platform... using builtin-java classes where applicable
2018-12-13 14:16:53.295 [http-nio-6765-exec-4] DEBUG org.apache.hadoop.util.PerformanceAdvisory - Falling back to shell based
2018-12-13 14:16:53.319 [http-nio-6765-exec-4] DEBUG o.a.h.s.JniBasedUnixGroupsMappingWithFallback - Group mapping impl=org.apache.hadoop.security.ShellBasedUnixGroupsMapping
2018-12-13 14:16:54.577 [http-nio-6765-exec-4] DEBUG org.apache.hadoop.security.Groups - Group mapping impl=org.apache.hadoop.security.JniBasedUnixGroupsMappingWithFallback; cacheTimeout=300000; warningDeltaMs=5000
2018-12-13 14:16:55.078 [http-nio-6765-exec-4] DEBUG org.apache.hadoop.ipc.Server - rpcKind=RPC_PROTOCOL_BUFFER, rpcRequestWrapperClass=class org.apache.hadoop.ipc.ProtobufRpcEngine$RpcProtobufRequest, rpcInvoker=org.apache.hadoop.ipc.ProtobufRpcEngine$Server$ProtoBufRpcInvoker@3d444743
2018-12-13 14:16:55.243 [http-nio-6765-exec-4] DEBUG org.apache.hadoop.ipc.Client - getting client out of cache: org.apache.hadoop.ipc.Client@52b68a31
2018-12-13 14:17:10.332 [http-nio-6765-exec-4] DEBUG org.apache.hadoop.util.PerformanceAdvisory - Both short-circuit local reads and UNIX domain socket are disabled.
2018-12-13 14:17:10.528 [http-nio-6765-exec-4] DEBUG o.a.h.h.p.datatransfer.sasl.DataTransferSaslUtil - DataTransferProtocol not using SaslPropertiesResolver, no QOP found in configuration for dfs.data.transfer.protection
2018-12-13 14:17:23.188 [http-nio-6765-exec-4] DEBUG org.apache.hadoop.security.UserGroupInformation - hadoop login
2018-12-13 14:17:23.203 [http-nio-6765-exec-4] DEBUG org.apache.hadoop.security.UserGroupInformation - hadoop login commit
2018-12-13 14:17:23.249 [http-nio-6765-exec-4] DEBUG org.apache.hadoop.security.UserGroupInformation - using local user:NTUserPrincipal: ALEE
2018-12-13 14:17:23.254 [http-nio-6765-exec-4] DEBUG org.apache.hadoop.security.UserGroupInformation - Using user: "NTUserPrincipal: ALEE" with name ALEE
2018-12-13 14:17:23.260 [http-nio-6765-exec-4] DEBUG org.apache.hadoop.security.UserGroupInformation - User entry: "ALEE"
2018-12-13 14:17:23.264 [http-nio-6765-exec-4] DEBUG org.apache.hadoop.security.UserGroupInformation - Assuming keytab is managed externally since logged in from subject.
2018-12-13 14:17:23.270 [http-nio-6765-exec-4] DEBUG org.apache.hadoop.security.UserGroupInformation - UGI loginUser:ALEE (auth:SIMPLE)
2018-12-13 14:17:24.363 [http-nio-6765-exec-4] DEBUG org.apache.hadoop.ipc.Client - The ping interval is 60000 ms.
2018-12-13 14:17:24.408 [http-nio-6765-exec-4] DEBUG org.apache.hadoop.ipc.Client - Connecting to /110.53.227.106:8020
2018-12-13 14:17:25.505 [http-nio-6765-exec-4] WARN  org.apache.hadoop.ipc.Client - Failed to connect to server: hadoop6/110.53.227.106:8020: try once and fail.
java.net.ConnectException: Connection refused: no further information
	at sun.nio.ch.SocketChannelImpl.checkConnect(Native Method)
	at sun.nio.ch.SocketChannelImpl.finishConnect(SocketChannelImpl.java:717)
	at org.apache.hadoop.net.SocketIOWithTimeout.connect(SocketIOWithTimeout.java:206)
	at org.apache.hadoop.net.NetUtils.connect(NetUtils.java:531)
	at org.apache.hadoop.net.NetUtils.connect(NetUtils.java:495)
	at org.apache.hadoop.ipc.Client$Connection.setupConnection(Client.java:682)
	at org.apache.hadoop.ipc.Client$Connection.setupIOstreams(Client.java:778)
	at org.apache.hadoop.ipc.Client$Connection.access$3500(Client.java:410)
	at org.apache.hadoop.ipc.Client.getConnection(Client.java:1544)
	at org.apache.hadoop.ipc.Client.call(Client.java:1375)
	at org.apache.hadoop.ipc.Client.call(Client.java:1339)
	at org.apache.hadoop.ipc.ProtobufRpcEngine$Invoker.invoke(ProtobufRpcEngine.java:227)
	at org.apache.hadoop.ipc.ProtobufRpcEngine$Invoker.invoke(ProtobufRpcEngine.java:116)
	at com.sun.proxy.$Proxy149.getFileInfo(Unknown Source)
	at org.apache.hadoop.hdfs.protocolPB.ClientNamenodeProtocolTranslatorPB.getFileInfo(ClientNamenodeProtocolTranslatorPB.java:792)
	at sun.reflect.NativeMethodAccessorImpl.invoke0(Native Method)
	at sun.reflect.NativeMethodAccessorImpl.invoke(NativeMethodAccessorImpl.java:62)
	at sun.reflect.DelegatingMethodAccessorImpl.invoke(DelegatingMethodAccessorImpl.java:43)
	at java.lang.reflect.Method.invoke(Method.java:498)
	at org.apache.hadoop.io.retry.RetryInvocationHandler.invokeMethod(RetryInvocationHandler.java:409)
	at org.apache.hadoop.io.retry.RetryInvocationHandler$Call.invokeMethod(RetryInvocationHandler.java:163)
	at org.apache.hadoop.io.retry.RetryInvocationHandler$Call.invoke(RetryInvocationHandler.java:155)
	at org.apache.hadoop.io.retry.RetryInvocationHandler$Call.invokeOnce(RetryInvocationHandler.java:95)
	at org.apache.hadoop.io.retry.RetryInvocationHandler.invoke(RetryInvocationHandler.java:346)
	at com.sun.proxy.$Proxy150.getFileInfo(Unknown Source)
	at org.apache.hadoop.hdfs.DFSClient.getFileInfo(DFSClient.java:1704)
	at org.apache.hadoop.hdfs.DistributedFileSystem$27.doCall(DistributedFileSystem.java:1436)
	at org.apache.hadoop.hdfs.DistributedFileSystem$27.doCall(DistributedFileSystem.java:1433)
	at org.apache.hadoop.fs.FileSystemLinkResolver.resolve(FileSystemLinkResolver.java:81)
	at org.apache.hadoop.hdfs.DistributedFileSystem.getFileStatus(DistributedFileSystem.java:1433)
	at org.apache.hadoop.fs.FileSystem.exists(FileSystem.java:1437)
	at org.apache.hadoop.fs.FileUtil.checkDest(FileUtil.java:500)
	at org.apache.hadoop.fs.FileUtil.copy(FileUtil.java:351)
	at org.apache.hadoop.fs.FileUtil.copy(FileUtil.java:341)
	at org.apache.hadoop.fs.FileSystem.copyFromLocalFile(FileSystem.java:2002)
	at org.apache.hadoop.fs.FileSystem.copyFromLocalFile(FileSystem.java:1970)
	at cn.trasen.tsfile.utils.HdfsUtils.uploadFile(HdfsUtils.java:103)
	at cn.trasen.tsfile.utils.HdfsUtils$$FastClassBySpringCGLIB$$ffe2624a.invoke(<generated>)
	at org.springframework.cglib.proxy.MethodProxy.invoke(MethodProxy.java:204)
	at org.springframework.aop.framework.CglibAopProxy$CglibMethodInvocation.invokeJoinpoint(CglibAopProxy.java:738)
	at org.springframework.aop.framework.ReflectiveMethodInvocation.proceed(ReflectiveMethodInvocation.java:157)
	at com.alibaba.druid.support.spring.stat.DruidStatInterceptor.invoke(DruidStatInterceptor.java:72)
	at org.springframework.aop.framework.ReflectiveMethodInvocation.proceed(ReflectiveMethodInvocation.java:179)
	at org.springframework.aop.framework.CglibAopProxy$DynamicAdvisedInterceptor.intercept(CglibAopProxy.java:673)
	at cn.trasen.tsfile.utils.HdfsUtils$$EnhancerBySpringCGLIB$$6ae7891.uploadFile(<generated>)
	at cn.trasen.tsfile.controller.HdfsController.UploadFile(HdfsController.java:21)
	at cn.trasen.tsfile.controller.HdfsController$$FastClassBySpringCGLIB$$f8f72136.invoke(<generated>)
	at org.springframework.cglib.proxy.MethodProxy.invoke(MethodProxy.java:204)
	at org.springframework.aop.framework.CglibAopProxy$CglibMethodInvocation.invokeJoinpoint(CglibAopProxy.java:738)
	at org.springframework.aop.framework.ReflectiveMethodInvocation.proceed(ReflectiveMethodInvocation.java:157)
	at com.alibaba.druid.support.spring.stat.DruidStatInterceptor.invoke(DruidStatInterceptor.java:72)
	at org.springframework.aop.framework.ReflectiveMethodInvocation.proceed(ReflectiveMethodInvocation.java:179)
	at org.springframework.aop.framework.CglibAopProxy$DynamicAdvisedInterceptor.intercept(CglibAopProxy.java:673)
	at cn.trasen.tsfile.controller.HdfsController$$EnhancerBySpringCGLIB$$c13568d5.UploadFile(<generated>)
	at sun.reflect.NativeMethodAccessorImpl.invoke0(Native Method)
	at sun.reflect.NativeMethodAccessorImpl.invoke(NativeMethodAccessorImpl.java:62)
	at sun.reflect.DelegatingMethodAccessorImpl.invoke(DelegatingMethodAccessorImpl.java:43)
	at java.lang.reflect.Method.invoke(Method.java:498)
	at org.springframework.web.method.support.InvocableHandlerMethod.doInvoke(InvocableHandlerMethod.java:205)
	at org.springframework.web.method.support.InvocableHandlerMethod.invokeForRequest(InvocableHandlerMethod.java:133)
	at org.springframework.web.servlet.mvc.method.annotation.ServletInvocableHandlerMethod.invokeAndHandle(ServletInvocableHandlerMethod.java:97)
	at org.springframework.web.servlet.mvc.method.annotation.RequestMappingHandlerAdapter.invokeHandlerMethod(RequestMappingHandlerAdapter.java:827)
	at org.springframework.web.servlet.mvc.method.annotation.RequestMappingHandlerAdapter.handleInternal(RequestMappingHandlerAdapter.java:738)
	at org.springframework.web.servlet.mvc.method.AbstractHandlerMethodAdapter.handle(AbstractHandlerMethodAdapter.java:85)
	at org.springframework.web.servlet.DispatcherServlet.doDispatch(DispatcherServlet.java:967)
	at org.springframework.web.servlet.DispatcherServlet.doService(DispatcherServlet.java:901)
	at org.springframework.web.servlet.FrameworkServlet.processRequest(FrameworkServlet.java:970)
	at org.springframework.web.servlet.FrameworkServlet.doGet(FrameworkServlet.java:861)
	at javax.servlet.http.HttpServlet.service(HttpServlet.java:635)
	at org.springframework.web.servlet.FrameworkServlet.service(FrameworkServlet.java:846)
	at javax.servlet.http.HttpServlet.service(HttpServlet.java:742)
	at org.apache.catalina.core.ApplicationFilterChain.internalDoFilter(ApplicationFilterChain.java:231)
	at org.apache.catalina.core.ApplicationFilterChain.doFilter(ApplicationFilterChain.java:166)
	at org.apache.tomcat.websocket.server.WsFilter.doFilter(WsFilter.java:52)
	at org.apache.catalina.core.ApplicationFilterChain.internalDoFilter(ApplicationFilterChain.java:193)
	at org.apache.catalina.core.ApplicationFilterChain.doFilter(ApplicationFilterChain.java:166)
	at org.springframework.web.filter.CorsFilter.doFilterInternal(CorsFilter.java:96)
	at org.springframework.web.filter.OncePerRequestFilter.doFilter(OncePerRequestFilter.java:107)
	at org.apache.catalina.core.ApplicationFilterChain.internalDoFilter(ApplicationFilterChain.java:193)
	at org.apache.catalina.core.ApplicationFilterChain.doFilter(ApplicationFilterChain.java:166)
	at cn.trasen.BootComm.filter.SSOFilter.doFilter(SSOFilter.java:199)
	at cn.trasen.BootComm.filter.SSOFilter$$FastClassBySpringCGLIB$$4fe38d4f.invoke(<generated>)
	at org.springframework.cglib.proxy.MethodProxy.invoke(MethodProxy.java:204)
	at org.springframework.aop.framework.CglibAopProxy$CglibMethodInvocation.invokeJoinpoint(CglibAopProxy.java:738)
	at org.springframework.aop.framework.ReflectiveMethodInvocation.proceed(ReflectiveMethodInvocation.java:157)
	at com.alibaba.druid.support.spring.stat.DruidStatInterceptor.invoke(DruidStatInterceptor.java:72)
	at org.springframework.aop.framework.ReflectiveMethodInvocation.proceed(ReflectiveMethodInvocation.java:179)
	at org.springframework.aop.framework.CglibAopProxy$DynamicAdvisedInterceptor.intercept(CglibAopProxy.java:673)
	at cn.trasen.tsfile.filter.LoginFilter$$EnhancerBySpringCGLIB$$68708dea.doFilter(<generated>)
	at org.apache.catalina.core.ApplicationFilterChain.internalDoFilter(ApplicationFilterChain.java:193)
	at org.apache.catalina.core.ApplicationFilterChain.doFilter(ApplicationFilterChain.java:166)
	at com.alibaba.druid.support.http.WebStatFilter.doFilter(WebStatFilter.java:123)
	at org.apache.catalina.core.ApplicationFilterChain.internalDoFilter(ApplicationFilterChain.java:193)
	at org.apache.catalina.core.ApplicationFilterChain.doFilter(ApplicationFilterChain.java:166)
	at org.springframework.web.filter.RequestContextFilter.doFilterInternal(RequestContextFilter.java:99)
	at org.springframework.web.filter.OncePerRequestFilter.doFilter(OncePerRequestFilter.java:107)
	at org.apache.catalina.core.ApplicationFilterChain.internalDoFilter(ApplicationFilterChain.java:193)
	at org.apache.catalina.core.ApplicationFilterChain.doFilter(ApplicationFilterChain.java:166)
	at org.springframework.web.filter.HttpPutFormContentFilter.doFilterInternal(HttpPutFormContentFilter.java:108)
	at org.springframework.web.filter.OncePerRequestFilter.doFilter(OncePerRequestFilter.java:107)
	at org.apache.catalina.core.ApplicationFilterChain.internalDoFilter(ApplicationFilterChain.java:193)
	at org.apache.catalina.core.ApplicationFilterChain.doFilter(ApplicationFilterChain.java:166)
	at org.springframework.web.filter.HiddenHttpMethodFilter.doFilterInternal(HiddenHttpMethodFilter.java:81)
	at org.springframework.web.filter.OncePerRequestFilter.doFilter(OncePerRequestFilter.java:107)
	at org.apache.catalina.core.ApplicationFilterChain.internalDoFilter(ApplicationFilterChain.java:193)
	at org.apache.catalina.core.ApplicationFilterChain.doFilter(ApplicationFilterChain.java:166)
	at org.springframework.web.filter.CharacterEncodingFilter.doFilterInternal(CharacterEncodingFilter.java:197)
	at org.springframework.web.filter.OncePerRequestFilter.doFilter(OncePerRequestFilter.java:107)
	at org.apache.catalina.core.ApplicationFilterChain.internalDoFilter(ApplicationFilterChain.java:193)
	at org.apache.catalina.core.ApplicationFilterChain.doFilter(ApplicationFilterChain.java:166)
	at org.apache.catalina.core.StandardWrapperValve.invoke(StandardWrapperValve.java:199)
	at org.apache.catalina.core.StandardContextValve.invoke(StandardContextValve.java:96)
	at org.apache.catalina.authenticator.AuthenticatorBase.invoke(AuthenticatorBase.java:504)
	at org.apache.catalina.core.StandardHostValve.invoke(StandardHostValve.java:140)
	at org.apache.catalina.valves.ErrorReportValve.invoke(ErrorReportValve.java:81)
	at org.apache.catalina.core.StandardEngineValve.invoke(StandardEngineValve.java:87)
	at org.apache.catalina.connector.CoyoteAdapter.service(CoyoteAdapter.java:342)
	at org.apache.coyote.http11.Http11Processor.service(Http11Processor.java:803)
	at org.apache.coyote.AbstractProcessorLight.process(AbstractProcessorLight.java:66)
	at org.apache.coyote.AbstractProtocol$ConnectionHandler.process(AbstractProtocol.java:790)
	at org.apache.tomcat.util.net.NioEndpoint$SocketProcessor.doRun(NioEndpoint.java:1459)
	at org.apache.tomcat.util.net.SocketProcessorBase.run(SocketProcessorBase.java:49)
	at java.util.concurrent.ThreadPoolExecutor.runWorker(ThreadPoolExecutor.java:1149)
	at java.util.concurrent.ThreadPoolExecutor$Worker.run(ThreadPoolExecutor.java:624)
	at org.apache.tomcat.util.threads.TaskThread$WrappingRunnable.run(TaskThread.java:61)
	at java.lang.Thread.run(Thread.java:748)
2018-12-13 14:17:25.592 [http-nio-6765-exec-4] DEBUG org.apache.hadoop.ipc.Client - closing ipc connection to hadoop6/110.53.227.106:8020: Connection refused: no further information
java.net.ConnectException: Connection refused: no further information
	at sun.nio.ch.SocketChannelImpl.checkConnect(Native Method)
	at sun.nio.ch.SocketChannelImpl.finishConnect(SocketChannelImpl.java:717)
	at org.apache.hadoop.net.SocketIOWithTimeout.connect(SocketIOWithTimeout.java:206)
	at org.apache.hadoop.net.NetUtils.connect(NetUtils.java:531)
	at org.apache.hadoop.net.NetUtils.connect(NetUtils.java:495)
	at org.apache.hadoop.ipc.Client$Connection.setupConnection(Client.java:682)
	at org.apache.hadoop.ipc.Client$Connection.setupIOstreams(Client.java:778)
	at org.apache.hadoop.ipc.Client$Connection.access$3500(Client.java:410)
	at org.apache.hadoop.ipc.Client.getConnection(Client.java:1544)
	at org.apache.hadoop.ipc.Client.call(Client.java:1375)
	at org.apache.hadoop.ipc.Client.call(Client.java:1339)
	at org.apache.hadoop.ipc.ProtobufRpcEngine$Invoker.invoke(ProtobufRpcEngine.java:227)
	at org.apache.hadoop.ipc.ProtobufRpcEngine$Invoker.invoke(ProtobufRpcEngine.java:116)
	at com.sun.proxy.$Proxy149.getFileInfo(Unknown Source)
	at org.apache.hadoop.hdfs.protocolPB.ClientNamenodeProtocolTranslatorPB.getFileInfo(ClientNamenodeProtocolTranslatorPB.java:792)
	at sun.reflect.NativeMethodAccessorImpl.invoke0(Native Method)
	at sun.reflect.NativeMethodAccessorImpl.invoke(NativeMethodAccessorImpl.java:62)
	at sun.reflect.DelegatingMethodAccessorImpl.invoke(DelegatingMethodAccessorImpl.java:43)
	at java.lang.reflect.Method.invoke(Method.java:498)
	at org.apache.hadoop.io.retry.RetryInvocationHandler.invokeMethod(RetryInvocationHandler.java:409)
	at org.apache.hadoop.io.retry.RetryInvocationHandler$Call.invokeMethod(RetryInvocationHandler.java:163)
	at org.apache.hadoop.io.retry.RetryInvocationHandler$Call.invoke(RetryInvocationHandler.java:155)
	at org.apache.hadoop.io.retry.RetryInvocationHandler$Call.invokeOnce(RetryInvocationHandler.java:95)
	at org.apache.hadoop.io.retry.RetryInvocationHandler.invoke(RetryInvocationHandler.java:346)
	at com.sun.proxy.$Proxy150.getFileInfo(Unknown Source)
	at org.apache.hadoop.hdfs.DFSClient.getFileInfo(DFSClient.java:1704)
	at org.apache.hadoop.hdfs.DistributedFileSystem$27.doCall(DistributedFileSystem.java:1436)
	at org.apache.hadoop.hdfs.DistributedFileSystem$27.doCall(DistributedFileSystem.java:1433)
	at org.apache.hadoop.fs.FileSystemLinkResolver.resolve(FileSystemLinkResolver.java:81)
	at org.apache.hadoop.hdfs.DistributedFileSystem.getFileStatus(DistributedFileSystem.java:1433)
	at org.apache.hadoop.fs.FileSystem.exists(FileSystem.java:1437)
	at org.apache.hadoop.fs.FileUtil.checkDest(FileUtil.java:500)
	at org.apache.hadoop.fs.FileUtil.copy(FileUtil.java:351)
	at org.apache.hadoop.fs.FileUtil.copy(FileUtil.java:341)
	at org.apache.hadoop.fs.FileSystem.copyFromLocalFile(FileSystem.java:2002)
	at org.apache.hadoop.fs.FileSystem.copyFromLocalFile(FileSystem.java:1970)
	at cn.trasen.tsfile.utils.HdfsUtils.uploadFile(HdfsUtils.java:103)
	at cn.trasen.tsfile.utils.HdfsUtils$$FastClassBySpringCGLIB$$ffe2624a.invoke(<generated>)
	at org.springframework.cglib.proxy.MethodProxy.invoke(MethodProxy.java:204)
	at org.springframework.aop.framework.CglibAopProxy$CglibMethodInvocation.invokeJoinpoint(CglibAopProxy.java:738)
	at org.springframework.aop.framework.ReflectiveMethodInvocation.proceed(ReflectiveMethodInvocation.java:157)
	at com.alibaba.druid.support.spring.stat.DruidStatInterceptor.invoke(DruidStatInterceptor.java:72)
	at org.springframework.aop.framework.ReflectiveMethodInvocation.proceed(ReflectiveMethodInvocation.java:179)
	at org.springframework.aop.framework.CglibAopProxy$DynamicAdvisedInterceptor.intercept(CglibAopProxy.java:673)
	at cn.trasen.tsfile.utils.HdfsUtils$$EnhancerBySpringCGLIB$$6ae7891.uploadFile(<generated>)
	at cn.trasen.tsfile.controller.HdfsController.UploadFile(HdfsController.java:21)
	at cn.trasen.tsfile.controller.HdfsController$$FastClassBySpringCGLIB$$f8f72136.invoke(<generated>)
	at org.springframework.cglib.proxy.MethodProxy.invoke(MethodProxy.java:204)
	at org.springframework.aop.framework.CglibAopProxy$CglibMethodInvocation.invokeJoinpoint(CglibAopProxy.java:738)
	at org.springframework.aop.framework.ReflectiveMethodInvocation.proceed(ReflectiveMethodInvocation.java:157)
	at com.alibaba.druid.support.spring.stat.DruidStatInterceptor.invoke(DruidStatInterceptor.java:72)
	at org.springframework.aop.framework.ReflectiveMethodInvocation.proceed(ReflectiveMethodInvocation.java:179)
	at org.springframework.aop.framework.CglibAopProxy$DynamicAdvisedInterceptor.intercept(CglibAopProxy.java:673)
	at cn.trasen.tsfile.controller.HdfsController$$EnhancerBySpringCGLIB$$c13568d5.UploadFile(<generated>)
	at sun.reflect.NativeMethodAccessorImpl.invoke0(Native Method)
	at sun.reflect.NativeMethodAccessorImpl.invoke(NativeMethodAccessorImpl.java:62)
	at sun.reflect.DelegatingMethodAccessorImpl.invoke(DelegatingMethodAccessorImpl.java:43)
	at java.lang.reflect.Method.invoke(Method.java:498)
	at org.springframework.web.method.support.InvocableHandlerMethod.doInvoke(InvocableHandlerMethod.java:205)
	at org.springframework.web.method.support.InvocableHandlerMethod.invokeForRequest(InvocableHandlerMethod.java:133)
	at org.springframework.web.servlet.mvc.method.annotation.ServletInvocableHandlerMethod.invokeAndHandle(ServletInvocableHandlerMethod.java:97)
	at org.springframework.web.servlet.mvc.method.annotation.RequestMappingHandlerAdapter.invokeHandlerMethod(RequestMappingHandlerAdapter.java:827)
	at org.springframework.web.servlet.mvc.method.annotation.RequestMappingHandlerAdapter.handleInternal(RequestMappingHandlerAdapter.java:738)
	at org.springframework.web.servlet.mvc.method.AbstractHandlerMethodAdapter.handle(AbstractHandlerMethodAdapter.java:85)
	at org.springframework.web.servlet.DispatcherServlet.doDispatch(DispatcherServlet.java:967)
	at org.springframework.web.servlet.DispatcherServlet.doService(DispatcherServlet.java:901)
	at org.springframework.web.servlet.FrameworkServlet.processRequest(FrameworkServlet.java:970)
	at org.springframework.web.servlet.FrameworkServlet.doGet(FrameworkServlet.java:861)
	at javax.servlet.http.HttpServlet.service(HttpServlet.java:635)
	at org.springframework.web.servlet.FrameworkServlet.service(FrameworkServlet.java:846)
	at javax.servlet.http.HttpServlet.service(HttpServlet.java:742)
	at org.apache.catalina.core.ApplicationFilterChain.internalDoFilter(ApplicationFilterChain.java:231)
	at org.apache.catalina.core.ApplicationFilterChain.doFilter(ApplicationFilterChain.java:166)
	at org.apache.tomcat.websocket.server.WsFilter.doFilter(WsFilter.java:52)
	at org.apache.catalina.core.ApplicationFilterChain.internalDoFilter(ApplicationFilterChain.java:193)
	at org.apache.catalina.core.ApplicationFilterChain.doFilter(ApplicationFilterChain.java:166)
	at org.springframework.web.filter.CorsFilter.doFilterInternal(CorsFilter.java:96)
	at org.springframework.web.filter.OncePerRequestFilter.doFilter(OncePerRequestFilter.java:107)
	at org.apache.catalina.core.ApplicationFilterChain.internalDoFilter(ApplicationFilterChain.java:193)
	at org.apache.catalina.core.ApplicationFilterChain.doFilter(ApplicationFilterChain.java:166)
	at cn.trasen.BootComm.filter.SSOFilter.doFilter(SSOFilter.java:199)
	at cn.trasen.BootComm.filter.SSOFilter$$FastClassBySpringCGLIB$$4fe38d4f.invoke(<generated>)
	at org.springframework.cglib.proxy.MethodProxy.invoke(MethodProxy.java:204)
	at org.springframework.aop.framework.CglibAopProxy$CglibMethodInvocation.invokeJoinpoint(CglibAopProxy.java:738)
	at org.springframework.aop.framework.ReflectiveMethodInvocation.proceed(ReflectiveMethodInvocation.java:157)
	at com.alibaba.druid.support.spring.stat.DruidStatInterceptor.invoke(DruidStatInterceptor.java:72)
	at org.springframework.aop.framework.ReflectiveMethodInvocation.proceed(ReflectiveMethodInvocation.java:179)
	at org.springframework.aop.framework.CglibAopProxy$DynamicAdvisedInterceptor.intercept(CglibAopProxy.java:673)
	at cn.trasen.tsfile.filter.LoginFilter$$EnhancerBySpringCGLIB$$68708dea.doFilter(<generated>)
	at org.apache.catalina.core.ApplicationFilterChain.internalDoFilter(ApplicationFilterChain.java:193)
	at org.apache.catalina.core.ApplicationFilterChain.doFilter(ApplicationFilterChain.java:166)
	at com.alibaba.druid.support.http.WebStatFilter.doFilter(WebStatFilter.java:123)
	at org.apache.catalina.core.ApplicationFilterChain.internalDoFilter(ApplicationFilterChain.java:193)
	at org.apache.catalina.core.ApplicationFilterChain.doFilter(ApplicationFilterChain.java:166)
	at org.springframework.web.filter.RequestContextFilter.doFilterInternal(RequestContextFilter.java:99)
	at org.springframework.web.filter.OncePerRequestFilter.doFilter(OncePerRequestFilter.java:107)
	at org.apache.catalina.core.ApplicationFilterChain.internalDoFilter(ApplicationFilterChain.java:193)
	at org.apache.catalina.core.ApplicationFilterChain.doFilter(ApplicationFilterChain.java:166)
	at org.springframework.web.filter.HttpPutFormContentFilter.doFilterInternal(HttpPutFormContentFilter.java:108)
	at org.springframework.web.filter.OncePerRequestFilter.doFilter(OncePerRequestFilter.java:107)
	at org.apache.catalina.core.ApplicationFilterChain.internalDoFilter(ApplicationFilterChain.java:193)
	at org.apache.catalina.core.ApplicationFilterChain.doFilter(ApplicationFilterChain.java:166)
	at org.springframework.web.filter.HiddenHttpMethodFilter.doFilterInternal(HiddenHttpMethodFilter.java:81)
	at org.springframework.web.filter.OncePerRequestFilter.doFilter(OncePerRequestFilter.java:107)
	at org.apache.catalina.core.ApplicationFilterChain.internalDoFilter(ApplicationFilterChain.java:193)
	at org.apache.catalina.core.ApplicationFilterChain.doFilter(ApplicationFilterChain.java:166)
	at org.springframework.web.filter.CharacterEncodingFilter.doFilterInternal(CharacterEncodingFilter.java:197)
	at org.springframework.web.filter.OncePerRequestFilter.doFilter(OncePerRequestFilter.java:107)
	at org.apache.catalina.core.ApplicationFilterChain.internalDoFilter(ApplicationFilterChain.java:193)
	at org.apache.catalina.core.ApplicationFilterChain.doFilter(ApplicationFilterChain.java:166)
	at org.apache.catalina.core.StandardWrapperValve.invoke(StandardWrapperValve.java:199)
	at org.apache.catalina.core.StandardContextValve.invoke(StandardContextValve.java:96)
	at org.apache.catalina.authenticator.AuthenticatorBase.invoke(AuthenticatorBase.java:504)
	at org.apache.catalina.core.StandardHostValve.invoke(StandardHostValve.java:140)
	at org.apache.catalina.valves.ErrorReportValve.invoke(ErrorReportValve.java:81)
	at org.apache.catalina.core.StandardEngineValve.invoke(StandardEngineValve.java:87)
	at org.apache.catalina.connector.CoyoteAdapter.service(CoyoteAdapter.java:342)
	at org.apache.coyote.http11.Http11Processor.service(Http11Processor.java:803)
	at org.apache.coyote.AbstractProcessorLight.process(AbstractProcessorLight.java:66)
	at org.apache.coyote.AbstractProtocol$ConnectionHandler.process(AbstractProtocol.java:790)
	at org.apache.tomcat.util.net.NioEndpoint$SocketProcessor.doRun(NioEndpoint.java:1459)
	at org.apache.tomcat.util.net.SocketProcessorBase.run(SocketProcessorBase.java:49)
	at java.util.concurrent.ThreadPoolExecutor.runWorker(ThreadPoolExecutor.java:1149)
	at java.util.concurrent.ThreadPoolExecutor$Worker.run(ThreadPoolExecutor.java:624)
	at org.apache.tomcat.util.threads.TaskThread$WrappingRunnable.run(TaskThread.java:61)
	at java.lang.Thread.run(Thread.java:748)
2018-12-13 14:17:25.649 [http-nio-6765-exec-4] DEBUG org.apache.hadoop.ipc.Client - IPC Client (1230236645) connection to /110.53.227.106:8020 from hadoop: closed
2018-12-13 14:17:25.815 [http-nio-6765-exec-4] DEBUG org.apache.hadoop.io.retry.RetryInvocationHandler - Exception while invoking call #0 ClientNamenodeProtocolTranslatorPB.getFileInfo over null. Not retrying because try once and fail.
java.net.ConnectException: Call From DESKTOP-HQGI171/192.168.5.8 to hadoop6:8020 failed on connection exception: java.net.ConnectException: Connection refused: no further information; For more details see:  http://wiki.apache.org/hadoop/ConnectionRefused
	at sun.reflect.NativeConstructorAccessorImpl.newInstance0(Native Method)
	at sun.reflect.NativeConstructorAccessorImpl.newInstance(NativeConstructorAccessorImpl.java:62)
	at sun.reflect.DelegatingConstructorAccessorImpl.newInstance(DelegatingConstructorAccessorImpl.java:45)
	at java.lang.reflect.Constructor.newInstance(Constructor.java:423)
	at org.apache.hadoop.net.NetUtils.wrapWithMessage(NetUtils.java:801)
	at org.apache.hadoop.net.NetUtils.wrapException(NetUtils.java:732)
	at org.apache.hadoop.ipc.Client.getRpcResponse(Client.java:1487)
	at org.apache.hadoop.ipc.Client.call(Client.java:1429)
	at org.apache.hadoop.ipc.Client.call(Client.java:1339)
	at org.apache.hadoop.ipc.ProtobufRpcEngine$Invoker.invoke(ProtobufRpcEngine.java:227)
	at org.apache.hadoop.ipc.ProtobufRpcEngine$Invoker.invoke(ProtobufRpcEngine.java:116)
	at com.sun.proxy.$Proxy149.getFileInfo(Unknown Source)
	at org.apache.hadoop.hdfs.protocolPB.ClientNamenodeProtocolTranslatorPB.getFileInfo(ClientNamenodeProtocolTranslatorPB.java:792)
	at sun.reflect.NativeMethodAccessorImpl.invoke0(Native Method)
	at sun.reflect.NativeMethodAccessorImpl.invoke(NativeMethodAccessorImpl.java:62)
	at sun.reflect.DelegatingMethodAccessorImpl.invoke(DelegatingMethodAccessorImpl.java:43)
	at java.lang.reflect.Method.invoke(Method.java:498)
	at org.apache.hadoop.io.retry.RetryInvocationHandler.invokeMethod(RetryInvocationHandler.java:409)
	at org.apache.hadoop.io.retry.RetryInvocationHandler$Call.invokeMethod(RetryInvocationHandler.java:163)
	at org.apache.hadoop.io.retry.RetryInvocationHandler$Call.invoke(RetryInvocationHandler.java:155)
	at org.apache.hadoop.io.retry.RetryInvocationHandler$Call.invokeOnce(RetryInvocationHandler.java:95)
	at org.apache.hadoop.io.retry.RetryInvocationHandler.invoke(RetryInvocationHandler.java:346)
	at com.sun.proxy.$Proxy150.getFileInfo(Unknown Source)
	at org.apache.hadoop.hdfs.DFSClient.getFileInfo(DFSClient.java:1704)
	at org.apache.hadoop.hdfs.DistributedFileSystem$27.doCall(DistributedFileSystem.java:1436)
	at org.apache.hadoop.hdfs.DistributedFileSystem$27.doCall(DistributedFileSystem.java:1433)
	at org.apache.hadoop.fs.FileSystemLinkResolver.resolve(FileSystemLinkResolver.java:81)
	at org.apache.hadoop.hdfs.DistributedFileSystem.getFileStatus(DistributedFileSystem.java:1433)
	at org.apache.hadoop.fs.FileSystem.exists(FileSystem.java:1437)
	at org.apache.hadoop.fs.FileUtil.checkDest(FileUtil.java:500)
	at org.apache.hadoop.fs.FileUtil.copy(FileUtil.java:351)
	at org.apache.hadoop.fs.FileUtil.copy(FileUtil.java:341)
	at org.apache.hadoop.fs.FileSystem.copyFromLocalFile(FileSystem.java:2002)
	at org.apache.hadoop.fs.FileSystem.copyFromLocalFile(FileSystem.java:1970)
	at cn.trasen.tsfile.utils.HdfsUtils.uploadFile(HdfsUtils.java:103)
	at cn.trasen.tsfile.utils.HdfsUtils$$FastClassBySpringCGLIB$$ffe2624a.invoke(<generated>)
	at org.springframework.cglib.proxy.MethodProxy.invoke(MethodProxy.java:204)
	at org.springframework.aop.framework.CglibAopProxy$CglibMethodInvocation.invokeJoinpoint(CglibAopProxy.java:738)
	at org.springframework.aop.framework.ReflectiveMethodInvocation.proceed(ReflectiveMethodInvocation.java:157)
	at com.alibaba.druid.support.spring.stat.DruidStatInterceptor.invoke(DruidStatInterceptor.java:72)
	at org.springframework.aop.framework.ReflectiveMethodInvocation.proceed(ReflectiveMethodInvocation.java:179)
	at org.springframework.aop.framework.CglibAopProxy$DynamicAdvisedInterceptor.intercept(CglibAopProxy.java:673)
	at cn.trasen.tsfile.utils.HdfsUtils$$EnhancerBySpringCGLIB$$6ae7891.uploadFile(<generated>)
	at cn.trasen.tsfile.controller.HdfsController.UploadFile(HdfsController.java:21)
	at cn.trasen.tsfile.controller.HdfsController$$FastClassBySpringCGLIB$$f8f72136.invoke(<generated>)
	at org.springframework.cglib.proxy.MethodProxy.invoke(MethodProxy.java:204)
	at org.springframework.aop.framework.CglibAopProxy$CglibMethodInvocation.invokeJoinpoint(CglibAopProxy.java:738)
	at org.springframework.aop.framework.ReflectiveMethodInvocation.proceed(ReflectiveMethodInvocation.java:157)
	at com.alibaba.druid.support.spring.stat.DruidStatInterceptor.invoke(DruidStatInterceptor.java:72)
	at org.springframework.aop.framework.ReflectiveMethodInvocation.proceed(ReflectiveMethodInvocation.java:179)
	at org.springframework.aop.framework.CglibAopProxy$DynamicAdvisedInterceptor.intercept(CglibAopProxy.java:673)
	at cn.trasen.tsfile.controller.HdfsController$$EnhancerBySpringCGLIB$$c13568d5.UploadFile(<generated>)
	at sun.reflect.NativeMethodAccessorImpl.invoke0(Native Method)
	at sun.reflect.NativeMethodAccessorImpl.invoke(NativeMethodAccessorImpl.java:62)
	at sun.reflect.DelegatingMethodAccessorImpl.invoke(DelegatingMethodAccessorImpl.java:43)
	at java.lang.reflect.Method.invoke(Method.java:498)
	at org.springframework.web.method.support.InvocableHandlerMethod.doInvoke(InvocableHandlerMethod.java:205)
	at org.springframework.web.method.support.InvocableHandlerMethod.invokeForRequest(InvocableHandlerMethod.java:133)
	at org.springframework.web.servlet.mvc.method.annotation.ServletInvocableHandlerMethod.invokeAndHandle(ServletInvocableHandlerMethod.java:97)
	at org.springframework.web.servlet.mvc.method.annotation.RequestMappingHandlerAdapter.invokeHandlerMethod(RequestMappingHandlerAdapter.java:827)
	at org.springframework.web.servlet.mvc.method.annotation.RequestMappingHandlerAdapter.handleInternal(RequestMappingHandlerAdapter.java:738)
	at org.springframework.web.servlet.mvc.method.AbstractHandlerMethodAdapter.handle(AbstractHandlerMethodAdapter.java:85)
	at org.springframework.web.servlet.DispatcherServlet.doDispatch(DispatcherServlet.java:967)
	at org.springframework.web.servlet.DispatcherServlet.doService(DispatcherServlet.java:901)
	at org.springframework.web.servlet.FrameworkServlet.processRequest(FrameworkServlet.java:970)
	at org.springframework.web.servlet.FrameworkServlet.doGet(FrameworkServlet.java:861)
	at javax.servlet.http.HttpServlet.service(HttpServlet.java:635)
	at org.springframework.web.servlet.FrameworkServlet.service(FrameworkServlet.java:846)
	at javax.servlet.http.HttpServlet.service(HttpServlet.java:742)
	at org.apache.catalina.core.ApplicationFilterChain.internalDoFilter(ApplicationFilterChain.java:231)
	at org.apache.catalina.core.ApplicationFilterChain.doFilter(ApplicationFilterChain.java:166)
	at org.apache.tomcat.websocket.server.WsFilter.doFilter(WsFilter.java:52)
	at org.apache.catalina.core.ApplicationFilterChain.internalDoFilter(ApplicationFilterChain.java:193)
	at org.apache.catalina.core.ApplicationFilterChain.doFilter(ApplicationFilterChain.java:166)
	at org.springframework.web.filter.CorsFilter.doFilterInternal(CorsFilter.java:96)
	at org.springframework.web.filter.OncePerRequestFilter.doFilter(OncePerRequestFilter.java:107)
	at org.apache.catalina.core.ApplicationFilterChain.internalDoFilter(ApplicationFilterChain.java:193)
	at org.apache.catalina.core.ApplicationFilterChain.doFilter(ApplicationFilterChain.java:166)
	at cn.trasen.BootComm.filter.SSOFilter.doFilter(SSOFilter.java:199)
	at cn.trasen.BootComm.filter.SSOFilter$$FastClassBySpringCGLIB$$4fe38d4f.invoke(<generated>)
	at org.springframework.cglib.proxy.MethodProxy.invoke(MethodProxy.java:204)
	at org.springframework.aop.framework.CglibAopProxy$CglibMethodInvocation.invokeJoinpoint(CglibAopProxy.java:738)
	at org.springframework.aop.framework.ReflectiveMethodInvocation.proceed(ReflectiveMethodInvocation.java:157)
	at com.alibaba.druid.support.spring.stat.DruidStatInterceptor.invoke(DruidStatInterceptor.java:72)
	at org.springframework.aop.framework.ReflectiveMethodInvocation.proceed(ReflectiveMethodInvocation.java:179)
	at org.springframework.aop.framework.CglibAopProxy$DynamicAdvisedInterceptor.intercept(CglibAopProxy.java:673)
	at cn.trasen.tsfile.filter.LoginFilter$$EnhancerBySpringCGLIB$$68708dea.doFilter(<generated>)
	at org.apache.catalina.core.ApplicationFilterChain.internalDoFilter(ApplicationFilterChain.java:193)
	at org.apache.catalina.core.ApplicationFilterChain.doFilter(ApplicationFilterChain.java:166)
	at com.alibaba.druid.support.http.WebStatFilter.doFilter(WebStatFilter.java:123)
	at org.apache.catalina.core.ApplicationFilterChain.internalDoFilter(ApplicationFilterChain.java:193)
	at org.apache.catalina.core.ApplicationFilterChain.doFilter(ApplicationFilterChain.java:166)
	at org.springframework.web.filter.RequestContextFilter.doFilterInternal(RequestContextFilter.java:99)
	at org.springframework.web.filter.OncePerRequestFilter.doFilter(OncePerRequestFilter.java:107)
	at org.apache.catalina.core.ApplicationFilterChain.internalDoFilter(ApplicationFilterChain.java:193)
	at org.apache.catalina.core.ApplicationFilterChain.doFilter(ApplicationFilterChain.java:166)
	at org.springframework.web.filter.HttpPutFormContentFilter.doFilterInternal(HttpPutFormContentFilter.java:108)
	at org.springframework.web.filter.OncePerRequestFilter.doFilter(OncePerRequestFilter.java:107)
	at org.apache.catalina.core.ApplicationFilterChain.internalDoFilter(ApplicationFilterChain.java:193)
	at org.apache.catalina.core.ApplicationFilterChain.doFilter(ApplicationFilterChain.java:166)
	at org.springframework.web.filter.HiddenHttpMethodFilter.doFilterInternal(HiddenHttpMethodFilter.java:81)
	at org.springframework.web.filter.OncePerRequestFilter.doFilter(OncePerRequestFilter.java:107)
	at org.apache.catalina.core.ApplicationFilterChain.internalDoFilter(ApplicationFilterChain.java:193)
	at org.apache.catalina.core.ApplicationFilterChain.doFilter(ApplicationFilterChain.java:166)
	at org.springframework.web.filter.CharacterEncodingFilter.doFilterInternal(CharacterEncodingFilter.java:197)
	at org.springframework.web.filter.OncePerRequestFilter.doFilter(OncePerRequestFilter.java:107)
	at org.apache.catalina.core.ApplicationFilterChain.internalDoFilter(ApplicationFilterChain.java:193)
	at org.apache.catalina.core.ApplicationFilterChain.doFilter(ApplicationFilterChain.java:166)
	at org.apache.catalina.core.StandardWrapperValve.invoke(StandardWrapperValve.java:199)
	at org.apache.catalina.core.StandardContextValve.invoke(StandardContextValve.java:96)
	at org.apache.catalina.authenticator.AuthenticatorBase.invoke(AuthenticatorBase.java:504)
	at org.apache.catalina.core.StandardHostValve.invoke(StandardHostValve.java:140)
	at org.apache.catalina.valves.ErrorReportValve.invoke(ErrorReportValve.java:81)
	at org.apache.catalina.core.StandardEngineValve.invoke(StandardEngineValve.java:87)
	at org.apache.catalina.connector.CoyoteAdapter.service(CoyoteAdapter.java:342)
	at org.apache.coyote.http11.Http11Processor.service(Http11Processor.java:803)
	at org.apache.coyote.AbstractProcessorLight.process(AbstractProcessorLight.java:66)
	at org.apache.coyote.AbstractProtocol$ConnectionHandler.process(AbstractProtocol.java:790)
	at org.apache.tomcat.util.net.NioEndpoint$SocketProcessor.doRun(NioEndpoint.java:1459)
	at org.apache.tomcat.util.net.SocketProcessorBase.run(SocketProcessorBase.java:49)
	at java.util.concurrent.ThreadPoolExecutor.runWorker(ThreadPoolExecutor.java:1149)
	at java.util.concurrent.ThreadPoolExecutor$Worker.run(ThreadPoolExecutor.java:624)
	at org.apache.tomcat.util.threads.TaskThread$WrappingRunnable.run(TaskThread.java:61)
	at java.lang.Thread.run(Thread.java:748)
Caused by: java.net.ConnectException: Connection refused: no further information
	at sun.nio.ch.SocketChannelImpl.checkConnect(Native Method)
	at sun.nio.ch.SocketChannelImpl.finishConnect(SocketChannelImpl.java:717)
	at org.apache.hadoop.net.SocketIOWithTimeout.connect(SocketIOWithTimeout.java:206)
	at org.apache.hadoop.net.NetUtils.connect(NetUtils.java:531)
	at org.apache.hadoop.net.NetUtils.connect(NetUtils.java:495)
	at org.apache.hadoop.ipc.Client$Connection.setupConnection(Client.java:682)
	at org.apache.hadoop.ipc.Client$Connection.setupIOstreams(Client.java:778)
	at org.apache.hadoop.ipc.Client$Connection.access$3500(Client.java:410)
	at org.apache.hadoop.ipc.Client.getConnection(Client.java:1544)
	at org.apache.hadoop.ipc.Client.call(Client.java:1375)
	... 116 common frames omitted
